<?xml version="1.0" encoding="UTF-8"?>
<testsuite xmlns:xsi="http://www.w3.org/2001/XMLSchema-instance" xsi:noNamespaceSchemaLocation="https://maven.apache.org/surefire/maven-surefire-plugin/xsd/surefire-test-report-3.0.xsd" version="3.0" name="com.example.javaapigw.AppTest" time="0.008" tests="1" errors="0" skipped="0" failures="0">
  <properties>
    <property name="java.specification.version" value="17"/>
    <property name="sun.jnu.encoding" value="UTF-8"/>
    <property name="java.class.path" value="/Users/envy/Documents/github/JavaApiGateway/lambda/java-api-gateway/target/test-classes:/Users/envy/Documents/github/JavaApiGateway/lambda/java-api-gateway/target/classes:/Users/envy/.m2/repository/com/amazonaws/aws-lambda-java-core/1.2.3/aws-lambda-java-core-1.2.3.jar:/Users/envy/.m2/repository/com/amazonaws/aws-lambda-java-events/3.11.4/aws-lambda-java-events-3.11.4.jar:/Users/envy/.m2/repository/joda-time/joda-time/2.10.8/joda-time-2.10.8.jar:/Users/envy/.m2/repository/software/amazon/awssdk/aws-sdk-java/2.24.5/aws-sdk-java-2.24.5.jar:/Users/envy/.m2/repository/software/amazon/awssdk/acm/2.2.0/acm-2.2.0.jar:/Users/envy/.m2/repository/software/amazon/awssdk/aws-json-protocol/2.2.0/aws-json-protocol-2.2.0.jar:/Users/envy/.m2/repository/software/amazon/awssdk/protocol-core/2.2.0/protocol-core-2.2.0.jar:/Users/envy/.m2/repository/software/amazon/awssdk/sdk-core/2.2.0/sdk-core-2.2.0.jar:/Users/envy/.m2/repository/com/fasterxml/jackson/core/jackson-databind/2.9.7/jackson-databind-2.9.7.jar:/Users/envy/.m2/repository/org/reactivestreams/reactive-streams/1.0.2/reactive-streams-1.0.2.jar:/Users/envy/.m2/repository/software/amazon/awssdk/auth/2.2.0/auth-2.2.0.jar:/Users/envy/.m2/repository/software/amazon/flow/1.7/flow-1.7.jar:/Users/envy/.m2/repository/software/amazon/awssdk/http-client-spi/2.2.0/http-client-spi-2.2.0.jar:/Users/envy/.m2/repository/software/amazon/awssdk/regions/2.2.0/regions-2.2.0.jar:/Users/envy/.m2/repository/com/fasterxml/jackson/core/jackson-annotations/2.9.7/jackson-annotations-2.9.7.jar:/Users/envy/.m2/repository/software/amazon/awssdk/annotations/2.2.0/annotations-2.2.0.jar:/Users/envy/.m2/repository/software/amazon/awssdk/utils/2.2.0/utils-2.2.0.jar:/Users/envy/.m2/repository/software/amazon/awssdk/aws-core/2.2.0/aws-core-2.2.0.jar:/Users/envy/.m2/repository/software/amazon/awssdk/apache-client/2.2.0/apache-client-2.2.0.jar:/Users/envy/.m2/repository/org/apache/httpcomponents/httpclient/4.5.6/httpclient-4.5.6.jar:/Users/envy/.m2/repository/commons-logging/commons-logging/1.2/commons-logging-1.2.jar:/Users/envy/.m2/repository/commons-codec/commons-codec/1.10/commons-codec-1.10.jar:/Users/envy/.m2/repository/org/apache/httpcomponents/httpcore/4.4.10/httpcore-4.4.10.jar:/Users/envy/.m2/repository/software/amazon/awssdk/netty-nio-client/2.2.0/netty-nio-client-2.2.0.jar:/Users/envy/.m2/repository/io/netty/netty-codec-http/4.1.32.Final/netty-codec-http-4.1.32.Final.jar:/Users/envy/.m2/repository/io/netty/netty-codec-http2/4.1.32.Final/netty-codec-http2-4.1.32.Final.jar:/Users/envy/.m2/repository/io/netty/netty-codec/4.1.32.Final/netty-codec-4.1.32.Final.jar:/Users/envy/.m2/repository/io/netty/netty-transport/4.1.32.Final/netty-transport-4.1.32.Final.jar:/Users/envy/.m2/repository/io/netty/netty-resolver/4.1.32.Final/netty-resolver-4.1.32.Final.jar:/Users/envy/.m2/repository/io/netty/netty-common/4.1.32.Final/netty-common-4.1.32.Final.jar:/Users/envy/.m2/repository/io/netty/netty-buffer/4.1.32.Final/netty-buffer-4.1.32.Final.jar:/Users/envy/.m2/repository/io/netty/netty-handler/4.1.32.Final/netty-handler-4.1.32.Final.jar:/Users/envy/.m2/repository/io/netty/netty-transport-native-epoll/4.1.32.Final/netty-transport-native-epoll-4.1.32.Final-linux-x86_64.jar:/Users/envy/.m2/repository/io/netty/netty-transport-native-unix-common/4.1.32.Final/netty-transport-native-unix-common-4.1.32.Final.jar:/Users/envy/.m2/repository/com/typesafe/netty/netty-reactive-streams-http/2.0.0/netty-reactive-streams-http-2.0.0.jar:/Users/envy/.m2/repository/com/typesafe/netty/netty-reactive-streams/2.0.0/netty-reactive-streams-2.0.0.jar:/Users/envy/.m2/repository/software/amazon/awssdk/acmpca/2.24.5/acmpca-2.24.5.jar:/Users/envy/.m2/repository/software/amazon/awssdk/http-auth-aws/2.24.5/http-auth-aws-2.24.5.jar:/Users/envy/.m2/repository/software/amazon/awssdk/checksums-spi/2.24.5/checksums-spi-2.24.5.jar:/Users/envy/.m2/repository/software/amazon/awssdk/checksums/2.24.5/checksums-2.24.5.jar:/Users/envy/.m2/repository/software/amazon/awssdk/http-auth-spi/2.24.5/http-auth-spi-2.24.5.jar:/Users/envy/.m2/repository/software/amazon/awssdk/http-auth/2.24.5/http-auth-2.24.5.jar:/Users/envy/.m2/repository/software/amazon/awssdk/identity-spi/2.24.5/identity-spi-2.24.5.jar:/Users/envy/.m2/repository/software/amazon/awssdk/metrics-spi/2.24.5/metrics-spi-2.24.5.jar:/Users/envy/.m2/repository/software/amazon/awssdk/json-utils/2.24.5/json-utils-2.24.5.jar:/Users/envy/.m2/repository/software/amazon/awssdk/endpoints-spi/2.24.5/endpoints-spi-2.24.5.jar:/Users/envy/.m2/repository/software/amazon/awssdk/alexaforbusiness/2.2.0/alexaforbusiness-2.2.0.jar:/Users/envy/.m2/repository/software/amazon/awssdk/amplify/2.24.5/amplify-2.24.5.jar:/Users/envy/.m2/repository/software/amazon/awssdk/apigateway/2.2.0/apigateway-2.2.0.jar:/Users/envy/.m2/repository/software/amazon/awssdk/apigatewaymanagementapi/2.24.5/apigatewaymanagementapi-2.24.5.jar:/Users/envy/.m2/repository/software/amazon/awssdk/apigatewayv2/2.24.5/apigatewayv2-2.24.5.jar:/Users/envy/.m2/repository/software/amazon/awssdk/applicationautoscaling/2.2.0/applicationautoscaling-2.2.0.jar:/Users/envy/.m2/repository/software/amazon/awssdk/applicationdiscovery/2.2.0/applicationdiscovery-2.2.0.jar:/Users/envy/.m2/repository/software/amazon/awssdk/appmesh/2.24.5/appmesh-2.24.5.jar:/Users/envy/.m2/repository/software/amazon/awssdk/appstream/2.2.0/appstream-2.2.0.jar:/Users/envy/.m2/repository/software/amazon/awssdk/appsync/2.24.5/appsync-2.24.5.jar:/Users/envy/.m2/repository/software/amazon/awssdk/athena/2.2.0/athena-2.2.0.jar:/Users/envy/.m2/repository/software/amazon/awssdk/autoscaling/2.2.0/autoscaling-2.2.0.jar:/Users/envy/.m2/repository/software/amazon/awssdk/aws-query-protocol/2.2.0/aws-query-protocol-2.2.0.jar:/Users/envy/.m2/repository/software/amazon/awssdk/autoscalingplans/2.24.5/autoscalingplans-2.24.5.jar:/Users/envy/.m2/repository/software/amazon/awssdk/backup/2.24.5/backup-2.24.5.jar:/Users/envy/.m2/repository/software/amazon/awssdk/batch/2.2.0/batch-2.2.0.jar:/Users/envy/.m2/repository/software/amazon/awssdk/budgets/2.2.0/budgets-2.2.0.jar:/Users/envy/.m2/repository/software/amazon/awssdk/chime/2.24.5/chime-2.24.5.jar:/Users/envy/.m2/repository/software/amazon/awssdk/cloud9/2.24.5/cloud9-2.24.5.jar:/Users/envy/.m2/repository/software/amazon/awssdk/clouddirectory/2.2.0/clouddirectory-2.2.0.jar:/Users/envy/.m2/repository/software/amazon/awssdk/cloudformation/2.2.0/cloudformation-2.2.0.jar:/Users/envy/.m2/repository/software/amazon/awssdk/cloudfront/2.2.0/cloudfront-2.2.0.jar:/Users/envy/.m2/repository/software/amazon/awssdk/aws-xml-protocol/2.2.0/aws-xml-protocol-2.2.0.jar:/Users/envy/.m2/repository/software/amazon/awssdk/cloudhsm/2.2.0/cloudhsm-2.2.0.jar:/Users/envy/.m2/repository/software/amazon/awssdk/cloudhsmv2/2.24.5/cloudhsmv2-2.24.5.jar:/Users/envy/.m2/repository/software/amazon/awssdk/cloudsearch/2.2.0/cloudsearch-2.2.0.jar:/Users/envy/.m2/repository/software/amazon/awssdk/cloudsearchdomain/2.2.0/cloudsearchdomain-2.2.0.jar:/Users/envy/.m2/repository/software/amazon/awssdk/cloudtrail/2.2.0/cloudtrail-2.2.0.jar:/Users/envy/.m2/repository/software/amazon/awssdk/cloudwatch/2.2.0/cloudwatch-2.2.0.jar:/Users/envy/.m2/repository/software/amazon/awssdk/cloudwatchevents/2.2.0/cloudwatchevents-2.2.0.jar:/Users/envy/.m2/repository/software/amazon/awssdk/cloudwatchlogs/2.2.0/cloudwatchlogs-2.2.0.jar:/Users/envy/.m2/repository/software/amazon/awssdk/codebuild/2.2.0/codebuild-2.2.0.jar:/Users/envy/.m2/repository/software/amazon/awssdk/codecommit/2.2.0/codecommit-2.2.0.jar:/Users/envy/.m2/repository/software/amazon/awssdk/codedeploy/2.2.0/codedeploy-2.2.0.jar:/Users/envy/.m2/repository/software/amazon/awssdk/codepipeline/2.2.0/codepipeline-2.2.0.jar:/Users/envy/.m2/repository/software/amazon/awssdk/codestar/2.24.5/codestar-2.24.5.jar:/Users/envy/.m2/repository/software/amazon/awssdk/cognitoidentity/2.2.0/cognitoidentity-2.2.0.jar:/Users/envy/.m2/repository/software/amazon/awssdk/cognitoidentityprovider/2.2.0/cognitoidentityprovider-2.2.0.jar:/Users/envy/.m2/repository/software/amazon/awssdk/cognitosync/2.2.0/cognitosync-2.2.0.jar:/Users/envy/.m2/repository/software/amazon/awssdk/comprehend/2.24.5/comprehend-2.24.5.jar:/Users/envy/.m2/repository/software/amazon/awssdk/comprehendmedical/2.24.5/comprehendmedical-2.24.5.jar:/Users/envy/.m2/repository/software/amazon/awssdk/config/2.2.0/config-2.2.0.jar:/Users/envy/.m2/repository/software/amazon/awssdk/connect/2.24.5/connect-2.24.5.jar:/Users/envy/.m2/repository/software/amazon/awssdk/costandusagereport/2.2.0/costandusagereport-2.2.0.jar:/Users/envy/.m2/repository/software/amazon/awssdk/costexplorer/2.2.0/costexplorer-2.2.0.jar:/Users/envy/.m2/repository/software/amazon/awssdk/databasemigration/2.2.0/databasemigration-2.2.0.jar:/Users/envy/.m2/repository/software/amazon/awssdk/datapipeline/2.2.0/datapipeline-2.2.0.jar:/Users/envy/.m2/repository/software/amazon/awssdk/datasync/2.24.5/datasync-2.24.5.jar:/Users/envy/.m2/repository/software/amazon/awssdk/dax/2.24.5/dax-2.24.5.jar:/Users/envy/.m2/repository/software/amazon/awssdk/devicefarm/2.2.0/devicefarm-2.2.0.jar:/Users/envy/.m2/repository/software/amazon/awssdk/directconnect/2.2.0/directconnect-2.2.0.jar:/Users/envy/.m2/repository/software/amazon/awssdk/directory/2.2.0/directory-2.2.0.jar:/Users/envy/.m2/repository/software/amazon/awssdk/dlm/2.24.5/dlm-2.24.5.jar:/Users/envy/.m2/repository/software/amazon/awssdk/docdb/2.24.5/docdb-2.24.5.jar:/Users/envy/.m2/repository/software/amazon/awssdk/dynamodb/2.2.0/dynamodb-2.2.0.jar:/Users/envy/.m2/repository/software/amazon/awssdk/dynamodb-enhanced/2.24.5/dynamodb-enhanced-2.24.5.jar:/Users/envy/.m2/repository/software/amazon/awssdk/ec2/2.2.0/ec2-2.2.0.jar:/Users/envy/.m2/repository/software/amazon/awssdk/ecr/2.2.0/ecr-2.2.0.jar:/Users/envy/.m2/repository/software/amazon/awssdk/ecs/2.2.0/ecs-2.2.0.jar:/Users/envy/.m2/repository/software/amazon/awssdk/efs/2.2.0/efs-2.2.0.jar:/Users/envy/.m2/repository/software/amazon/awssdk/eks/2.24.5/eks-2.24.5.jar:/Users/envy/.m2/repository/software/amazon/awssdk/elasticache/2.2.0/elasticache-2.2.0.jar:/Users/envy/.m2/repository/software/amazon/awssdk/elasticbeanstalk/2.2.0/elasticbeanstalk-2.2.0.jar:/Users/envy/.m2/repository/software/amazon/awssdk/elasticloadbalancing/2.2.0/elasticloadbalancing-2.2.0.jar:/Users/envy/.m2/repository/software/amazon/awssdk/elasticloadbalancingv2/2.2.0/elasticloadbalancingv2-2.2.0.jar:/Users/envy/.m2/repository/software/amazon/awssdk/elasticsearch/2.2.0/elasticsearch-2.2.0.jar:/Users/envy/.m2/repository/software/amazon/awssdk/elastictranscoder/2.2.0/elastictranscoder-2.2.0.jar:/Users/envy/.m2/repository/software/amazon/awssdk/emr/2.2.0/emr-2.2.0.jar:/Users/envy/.m2/repository/software/amazon/awssdk/firehose/2.2.0/firehose-2.2.0.jar:/Users/envy/.m2/repository/software/amazon/awssdk/fms/2.24.5/fms-2.24.5.jar:/Users/envy/.m2/repository/software/amazon/awssdk/fsx/2.24.5/fsx-2.24.5.jar:/Users/envy/.m2/repository/software/amazon/awssdk/gamelift/2.2.0/gamelift-2.2.0.jar:/Users/envy/.m2/repository/software/amazon/awssdk/glacier/2.2.0/glacier-2.2.0.jar:/Users/envy/.m2/repository/software/amazon/awssdk/globalaccelerator/2.24.5/globalaccelerator-2.24.5.jar:/Users/envy/.m2/repository/software/amazon/awssdk/glue/2.24.5/glue-2.24.5.jar:/Users/envy/.m2/repository/software/amazon/awssdk/greengrass/2.24.5/greengrass-2.24.5.jar:/Users/envy/.m2/repository/software/amazon/awssdk/guardduty/2.24.5/guardduty-2.24.5.jar:/Users/envy/.m2/repository/software/amazon/awssdk/health/2.2.0/health-2.2.0.jar:/Users/envy/.m2/repository/software/amazon/awssdk/iam/2.2.0/iam-2.2.0.jar:/Users/envy/.m2/repository/software/amazon/awssdk/iam-policy-builder/2.24.5/iam-policy-builder-2.24.5.jar:/Users/envy/.m2/repository/software/amazon/awssdk/third-party-jackson-core/2.24.5/third-party-jackson-core-2.24.5.jar:/Users/envy/.m2/repository/software/amazon/awssdk/imds/2.24.5/imds-2.24.5.jar:/Users/envy/.m2/repository/software/amazon/awssdk/inspector/2.2.0/inspector-2.2.0.jar:/Users/envy/.m2/repository/software/amazon/awssdk/iot/2.2.0/iot-2.2.0.jar:/Users/envy/.m2/repository/software/amazon/awssdk/iot1clickdevices/2.24.5/iot1clickdevices-2.24.5.jar:/Users/envy/.m2/repository/software/amazon/awssdk/iot1clickprojects/2.24.5/iot1clickprojects-2.24.5.jar:/Users/envy/.m2/repository/software/amazon/awssdk/iotanalytics/2.24.5/iotanalytics-2.24.5.jar:/Users/envy/.m2/repository/software/amazon/awssdk/iotdataplane/2.2.0/iotdataplane-2.2.0.jar:/Users/envy/.m2/repository/software/amazon/awssdk/iotjobsdataplane/2.24.5/iotjobsdataplane-2.24.5.jar:/Users/envy/.m2/repository/software/amazon/awssdk/kafka/2.24.5/kafka-2.24.5.jar:/Users/envy/.m2/repository/software/amazon/awssdk/kinesis/2.2.0/kinesis-2.2.0.jar:/Users/envy/.m2/repository/software/amazon/awssdk/aws-cbor-protocol/2.2.0/aws-cbor-protocol-2.2.0.jar:/Users/envy/.m2/repository/com/fasterxml/jackson/dataformat/jackson-dataformat-cbor/2.9.7/jackson-dataformat-cbor-2.9.7.jar:/Users/envy/.m2/repository/software/amazon/awssdk/kinesisanalytics/2.2.0/kinesisanalytics-2.2.0.jar:/Users/envy/.m2/repository/software/amazon/awssdk/kinesisanalyticsv2/2.24.5/kinesisanalyticsv2-2.24.5.jar:/Users/envy/.m2/repository/software/amazon/awssdk/kinesisvideo/2.2.0/kinesisvideo-2.2.0.jar:/Users/envy/.m2/repository/software/amazon/awssdk/kinesisvideoarchivedmedia/2.24.5/kinesisvideoarchivedmedia-2.24.5.jar:/Users/envy/.m2/repository/software/amazon/awssdk/kinesisvideomedia/2.24.5/kinesisvideomedia-2.24.5.jar:/Users/envy/.m2/repository/software/amazon/awssdk/kms/2.2.0/kms-2.2.0.jar:/Users/envy/.m2/repository/software/amazon/awssdk/lambda/2.2.0/lambda-2.2.0.jar:/Users/envy/.m2/repository/software/amazon/awssdk/lexmodelbuilding/2.2.0/lexmodelbuilding-2.2.0.jar:/Users/envy/.m2/repository/software/amazon/awssdk/lexruntime/2.2.0/lexruntime-2.2.0.jar:/Users/envy/.m2/repository/software/amazon/awssdk/licensemanager/2.24.5/licensemanager-2.24.5.jar:/Users/envy/.m2/repository/software/amazon/awssdk/lightsail/2.2.0/lightsail-2.2.0.jar:/Users/envy/.m2/repository/software/amazon/awssdk/machinelearning/2.2.0/machinelearning-2.2.0.jar:/Users/envy/.m2/repository/software/amazon/awssdk/managedblockchain/2.24.5/managedblockchain-2.24.5.jar:/Users/envy/.m2/repository/software/amazon/awssdk/marketplacecommerceanalytics/2.2.0/marketplacecommerceanalytics-2.2.0.jar:/Users/envy/.m2/repository/software/amazon/awssdk/marketplaceentitlement/2.24.5/marketplaceentitlement-2.24.5.jar:/Users/envy/.m2/repository/software/amazon/awssdk/marketplacemetering/2.2.0/marketplacemetering-2.2.0.jar:/Users/envy/.m2/repository/software/amazon/awssdk/mediaconnect/2.24.5/mediaconnect-2.24.5.jar:/Users/envy/.m2/repository/software/amazon/awssdk/mediaconvert/2.24.5/mediaconvert-2.24.5.jar:/Users/envy/.m2/repository/software/amazon/awssdk/medialive/2.24.5/medialive-2.24.5.jar:/Users/envy/.m2/repository/software/amazon/awssdk/mediapackage/2.24.5/mediapackage-2.24.5.jar:/Users/envy/.m2/repository/software/amazon/awssdk/mediapackagevod/2.24.5/mediapackagevod-2.24.5.jar:/Users/envy/.m2/repository/software/amazon/awssdk/mediastore/2.2.0/mediastore-2.2.0.jar:/Users/envy/.m2/repository/software/amazon/awssdk/mediastoredata/2.2.0/mediastoredata-2.2.0.jar:/Users/envy/.m2/repository/software/amazon/awssdk/mediatailor/2.24.5/mediatailor-2.24.5.jar:/Users/envy/.m2/repository/software/amazon/awssdk/migrationhub/2.24.5/migrationhub-2.24.5.jar:/Users/envy/.m2/repository/software/amazon/awssdk/mobile/2.24.5/mobile-2.24.5.jar:/Users/envy/.m2/repository/software/amazon/awssdk/mq/2.24.5/mq-2.24.5.jar:/Users/envy/.m2/repository/software/amazon/awssdk/mturk/2.2.0/mturk-2.2.0.jar:/Users/envy/.m2/repository/software/amazon/awssdk/neptune/2.24.5/neptune-2.24.5.jar:/Users/envy/.m2/repository/software/amazon/awssdk/opsworks/2.2.0/opsworks-2.2.0.jar:/Users/envy/.m2/repository/software/amazon/awssdk/opsworkscm/2.2.0/opsworkscm-2.2.0.jar:/Users/envy/.m2/repository/software/amazon/awssdk/organizations/2.2.0/organizations-2.2.0.jar:/Users/envy/.m2/repository/software/amazon/awssdk/pi/2.24.5/pi-2.24.5.jar:/Users/envy/.m2/repository/software/amazon/awssdk/pinpoint/2.2.0/pinpoint-2.2.0.jar:/Users/envy/.m2/repository/software/amazon/awssdk/pinpointemail/2.24.5/pinpointemail-2.24.5.jar:/Users/envy/.m2/repository/software/amazon/awssdk/pinpointsmsvoice/2.24.5/pinpointsmsvoice-2.24.5.jar:/Users/envy/.m2/repository/software/amazon/awssdk/polly/2.2.0/polly-2.2.0.jar:/Users/envy/.m2/repository/software/amazon/awssdk/pricing/2.24.5/pricing-2.24.5.jar:/Users/envy/.m2/repository/software/amazon/awssdk/quicksight/2.24.5/quicksight-2.24.5.jar:/Users/envy/.m2/repository/software/amazon/awssdk/ram/2.24.5/ram-2.24.5.jar:/Users/envy/.m2/repository/software/amazon/awssdk/rds/2.2.0/rds-2.2.0.jar:/Users/envy/.m2/repository/software/amazon/awssdk/rdsdata/2.24.5/rdsdata-2.24.5.jar:/Users/envy/.m2/repository/software/amazon/awssdk/redshift/2.2.0/redshift-2.2.0.jar:/Users/envy/.m2/repository/software/amazon/awssdk/rekognition/2.2.0/rekognition-2.2.0.jar:/Users/envy/.m2/repository/software/amazon/awssdk/resourcegroups/2.2.0/resourcegroups-2.2.0.jar:/Users/envy/.m2/repository/software/amazon/awssdk/resourcegroupstaggingapi/2.24.5/resourcegroupstaggingapi-2.24.5.jar:/Users/envy/.m2/repository/software/amazon/awssdk/robomaker/2.24.5/robomaker-2.24.5.jar:/Users/envy/.m2/repository/software/amazon/awssdk/route53/2.2.0/route53-2.2.0.jar:/Users/envy/.m2/repository/software/amazon/awssdk/route53domains/2.2.0/route53domains-2.2.0.jar:/Users/envy/.m2/repository/software/amazon/awssdk/route53resolver/2.24.5/route53resolver-2.24.5.jar:/Users/envy/.m2/repository/software/amazon/awssdk/s3/2.2.0/s3-2.2.0.jar:/Users/envy/.m2/repository/software/amazon/awssdk/s3control/2.24.5/s3control-2.24.5.jar:/Users/envy/.m2/repository/software/amazon/awssdk/arns/2.24.5/arns-2.24.5.jar:/Users/envy/.m2/repository/software/amazon/awssdk/s3-transfer-manager/2.24.5/s3-transfer-manager-2.24.5.jar:/Users/envy/.m2/repository/software/amazon/awssdk/sagemaker/2.2.0/sagemaker-2.2.0.jar:/Users/envy/.m2/repository/software/amazon/awssdk/sagemakerruntime/2.24.5/sagemakerruntime-2.24.5.jar:/Users/envy/.m2/repository/software/amazon/awssdk/secretsmanager/2.2.0/secretsmanager-2.2.0.jar:/Users/envy/.m2/repository/software/amazon/awssdk/securityhub/2.24.5/securityhub-2.24.5.jar:/Users/envy/.m2/repository/software/amazon/awssdk/serverlessapplicationrepository/2.2.0/serverlessapplicationrepository-2.2.0.jar:/Users/envy/.m2/repository/software/amazon/awssdk/servicecatalog/2.2.0/servicecatalog-2.2.0.jar:/Users/envy/.m2/repository/software/amazon/awssdk/servicediscovery/2.24.5/servicediscovery-2.24.5.jar:/Users/envy/.m2/repository/software/amazon/awssdk/ses/2.2.0/ses-2.2.0.jar:/Users/envy/.m2/repository/software/amazon/awssdk/sfn/2.2.0/sfn-2.2.0.jar:/Users/envy/.m2/repository/software/amazon/awssdk/shield/2.2.0/shield-2.2.0.jar:/Users/envy/.m2/repository/software/amazon/awssdk/signer/2.24.5/signer-2.24.5.jar:/Users/envy/.m2/repository/software/amazon/awssdk/sms/2.2.0/sms-2.2.0.jar:/Users/envy/.m2/repository/software/amazon/awssdk/snowball/2.2.0/snowball-2.2.0.jar:/Users/envy/.m2/repository/software/amazon/awssdk/sns/2.2.0/sns-2.2.0.jar:/Users/envy/.m2/repository/software/amazon/awssdk/sqs/2.2.0/sqs-2.2.0.jar:/Users/envy/.m2/repository/software/amazon/awssdk/ssm/2.2.0/ssm-2.2.0.jar:/Users/envy/.m2/repository/software/amazon/awssdk/storagegateway/2.2.0/storagegateway-2.2.0.jar:/Users/envy/.m2/repository/software/amazon/awssdk/sts/2.2.0/sts-2.2.0.jar:/Users/envy/.m2/repository/software/amazon/awssdk/profiles/2.2.0/profiles-2.2.0.jar:/Users/envy/.m2/repository/software/amazon/awssdk/support/2.2.0/support-2.2.0.jar:/Users/envy/.m2/repository/software/amazon/awssdk/swf/2.2.0/swf-2.2.0.jar:/Users/envy/.m2/repository/software/amazon/awssdk/textract/2.24.5/textract-2.24.5.jar:/Users/envy/.m2/repository/software/amazon/awssdk/transcribe/2.24.5/transcribe-2.24.5.jar:/Users/envy/.m2/repository/software/amazon/awssdk/transcribestreaming/2.2.0/transcribestreaming-2.2.0.jar:/Users/envy/.m2/repository/software/amazon/awssdk/transfer/2.24.5/transfer-2.24.5.jar:/Users/envy/.m2/repository/software/amazon/awssdk/translate/2.24.5/translate-2.24.5.jar:/Users/envy/.m2/repository/software/amazon/awssdk/waf/2.2.0/waf-2.2.0.jar:/Users/envy/.m2/repository/software/amazon/awssdk/workdocs/2.24.5/workdocs-2.24.5.jar:/Users/envy/.m2/repository/software/amazon/awssdk/worklink/2.24.5/worklink-2.24.5.jar:/Users/envy/.m2/repository/software/amazon/awssdk/workmail/2.24.5/workmail-2.24.5.jar:/Users/envy/.m2/repository/software/amazon/awssdk/workspaces/2.2.0/workspaces-2.2.0.jar:/Users/envy/.m2/repository/software/amazon/awssdk/xray/2.2.0/xray-2.2.0.jar:/Users/envy/.m2/repository/software/amazon/awssdk/groundstation/2.24.5/groundstation-2.24.5.jar:/Users/envy/.m2/repository/software/amazon/awssdk/iotthingsgraph/2.24.5/iotthingsgraph-2.24.5.jar:/Users/envy/.m2/repository/software/amazon/awssdk/iotevents/2.24.5/iotevents-2.24.5.jar:/Users/envy/.m2/repository/software/amazon/awssdk/ioteventsdata/2.24.5/ioteventsdata-2.24.5.jar:/Users/envy/.m2/repository/software/amazon/awssdk/personalizeruntime/2.24.5/personalizeruntime-2.24.5.jar:/Users/envy/.m2/repository/software/amazon/awssdk/personalize/2.24.5/personalize-2.24.5.jar:/Users/envy/.m2/repository/software/amazon/awssdk/personalizeevents/2.24.5/personalizeevents-2.24.5.jar:/Users/envy/.m2/repository/software/amazon/awssdk/servicequotas/2.24.5/servicequotas-2.24.5.jar:/Users/envy/.m2/repository/software/amazon/awssdk/applicationinsights/2.24.5/applicationinsights-2.24.5.jar:/Users/envy/.m2/repository/software/amazon/awssdk/ec2instanceconnect/2.24.5/ec2instanceconnect-2.24.5.jar:/Users/envy/.m2/repository/software/amazon/awssdk/eventbridge/2.24.5/eventbridge-2.24.5.jar:/Users/envy/.m2/repository/software/amazon/awssdk/lakeformation/2.24.5/lakeformation-2.24.5.jar:/Users/envy/.m2/repository/software/amazon/awssdk/forecast/2.24.5/forecast-2.24.5.jar:/Users/envy/.m2/repository/software/amazon/awssdk/forecastquery/2.24.5/forecastquery-2.24.5.jar:/Users/envy/.m2/repository/software/amazon/awssdk/qldb/2.24.5/qldb-2.24.5.jar:/Users/envy/.m2/repository/software/amazon/awssdk/qldbsession/2.24.5/qldbsession-2.24.5.jar:/Users/envy/.m2/repository/software/amazon/awssdk/workmailmessageflow/2.24.5/workmailmessageflow-2.24.5.jar:/Users/envy/.m2/repository/software/amazon/awssdk/codestarnotifications/2.24.5/codestarnotifications-2.24.5.jar:/Users/envy/.m2/repository/software/amazon/awssdk/savingsplans/2.24.5/savingsplans-2.24.5.jar:/Users/envy/.m2/repository/software/amazon/awssdk/sso/2.24.5/sso-2.24.5.jar:/Users/envy/.m2/repository/software/amazon/awssdk/ssooidc/2.24.5/ssooidc-2.24.5.jar:/Users/envy/.m2/repository/software/amazon/awssdk/marketplacecatalog/2.24.5/marketplacecatalog-2.24.5.jar:/Users/envy/.m2/repository/software/amazon/awssdk/sesv2/2.24.5/sesv2-2.24.5.jar:/Users/envy/.m2/repository/software/amazon/awssdk/dataexchange/2.24.5/dataexchange-2.24.5.jar:/Users/envy/.m2/repository/software/amazon/awssdk/migrationhubconfig/2.24.5/migrationhubconfig-2.24.5.jar:/Users/envy/.m2/repository/software/amazon/awssdk/connectparticipant/2.24.5/connectparticipant-2.24.5.jar:/Users/envy/.m2/repository/software/amazon/awssdk/wafv2/2.24.5/wafv2-2.24.5.jar:/Users/envy/.m2/repository/software/amazon/awssdk/appconfig/2.24.5/appconfig-2.24.5.jar:/Users/envy/.m2/repository/software/amazon/awssdk/iotsecuretunneling/2.24.5/iotsecuretunneling-2.24.5.jar:/Users/envy/.m2/repository/software/amazon/awssdk/elasticinference/2.24.5/elasticinference-2.24.5.jar:/Users/envy/.m2/repository/software/amazon/awssdk/imagebuilder/2.24.5/imagebuilder-2.24.5.jar:/Users/envy/.m2/repository/software/amazon/awssdk/schemas/2.24.5/schemas-2.24.5.jar:/Users/envy/.m2/repository/software/amazon/awssdk/accessanalyzer/2.24.5/accessanalyzer-2.24.5.jar:/Users/envy/.m2/repository/software/amazon/awssdk/computeoptimizer/2.24.5/computeoptimizer-2.24.5.jar:/Users/envy/.m2/repository/software/amazon/awssdk/networkmanager/2.24.5/networkmanager-2.24.5.jar:/Users/envy/.m2/repository/software/amazon/awssdk/kendra/2.24.5/kendra-2.24.5.jar:/Users/envy/.m2/repository/software/amazon/awssdk/frauddetector/2.24.5/frauddetector-2.24.5.jar:/Users/envy/.m2/repository/software/amazon/awssdk/codegurureviewer/2.24.5/codegurureviewer-2.24.5.jar:/Users/envy/.m2/repository/software/amazon/awssdk/codeguruprofiler/2.24.5/codeguruprofiler-2.24.5.jar:/Users/envy/.m2/repository/software/amazon/awssdk/outposts/2.24.5/outposts-2.24.5.jar:/Users/envy/.m2/repository/software/amazon/awssdk/sagemakera2iruntime/2.24.5/sagemakera2iruntime-2.24.5.jar:/Users/envy/.m2/repository/software/amazon/awssdk/ebs/2.24.5/ebs-2.24.5.jar:/Users/envy/.m2/repository/software/amazon/awssdk/kinesisvideosignaling/2.24.5/kinesisvideosignaling-2.24.5.jar:/Users/envy/.m2/repository/software/amazon/awssdk/detective/2.24.5/detective-2.24.5.jar:/Users/envy/.m2/repository/software/amazon/awssdk/codestarconnections/2.24.5/codestarconnections-2.24.5.jar:/Users/envy/.m2/repository/software/amazon/awssdk/synthetics/2.24.5/synthetics-2.24.5.jar:/Users/envy/.m2/repository/software/amazon/awssdk/iotsitewise/2.24.5/iotsitewise-2.24.5.jar:/Users/envy/.m2/repository/software/amazon/awssdk/macie2/2.24.5/macie2-2.24.5.jar:/Users/envy/.m2/repository/software/amazon/awssdk/codeartifact/2.24.5/codeartifact-2.24.5.jar:/Users/envy/.m2/repository/software/amazon/awssdk/honeycode/2.24.5/honeycode-2.24.5.jar:/Users/envy/.m2/repository/software/amazon/awssdk/ivs/2.24.5/ivs-2.24.5.jar:/Users/envy/.m2/repository/software/amazon/awssdk/braket/2.24.5/braket-2.24.5.jar:/Users/envy/.m2/repository/software/amazon/awssdk/identitystore/2.24.5/identitystore-2.24.5.jar:/Users/envy/.m2/repository/software/amazon/awssdk/appflow/2.24.5/appflow-2.24.5.jar:/Users/envy/.m2/repository/software/amazon/awssdk/redshiftdata/2.24.5/redshiftdata-2.24.5.jar:/Users/envy/.m2/repository/software/amazon/awssdk/ssoadmin/2.24.5/ssoadmin-2.24.5.jar:/Users/envy/.m2/repository/software/amazon/awssdk/timestreamwrite/2.24.5/timestreamwrite-2.24.5.jar:/Users/envy/.m2/repository/software/amazon/awssdk/timestreamquery/2.24.5/timestreamquery-2.24.5.jar:/Users/envy/.m2/repository/software/amazon/awssdk/s3outposts/2.24.5/s3outposts-2.24.5.jar:/Users/envy/.m2/repository/software/amazon/awssdk/databrew/2.24.5/databrew-2.24.5.jar:/Users/envy/.m2/repository/software/amazon/awssdk/servicecatalogappregistry/2.24.5/servicecatalogappregistry-2.24.5.jar:/Users/envy/.m2/repository/software/amazon/awssdk/networkfirewall/2.24.5/networkfirewall-2.24.5.jar:/Users/envy/.m2/repository/software/amazon/awssdk/mwaa/2.24.5/mwaa-2.24.5.jar:/Users/envy/.m2/repository/software/amazon/awssdk/devopsguru/2.24.5/devopsguru-2.24.5.jar:/Users/envy/.m2/repository/software/amazon/awssdk/sagemakerfeaturestoreruntime/2.24.5/sagemakerfeaturestoreruntime-2.24.5.jar:/Users/envy/.m2/repository/software/amazon/awssdk/appintegrations/2.24.5/appintegrations-2.24.5.jar:/Users/envy/.m2/repository/software/amazon/awssdk/ecrpublic/2.24.5/ecrpublic-2.24.5.jar:/Users/envy/.m2/repository/software/amazon/awssdk/amplifybackend/2.24.5/amplifybackend-2.24.5.jar:/Users/envy/.m2/repository/software/amazon/awssdk/connectcontactlens/2.24.5/connectcontactlens-2.24.5.jar:/Users/envy/.m2/repository/software/amazon/awssdk/lookoutvision/2.24.5/lookoutvision-2.24.5.jar:/Users/envy/.m2/repository/software/amazon/awssdk/customerprofiles/2.24.5/customerprofiles-2.24.5.jar:/Users/envy/.m2/repository/software/amazon/awssdk/emrcontainers/2.24.5/emrcontainers-2.24.5.jar:/Users/envy/.m2/repository/software/amazon/awssdk/sagemakeredge/2.24.5/sagemakeredge-2.24.5.jar:/Users/envy/.m2/repository/software/amazon/awssdk/healthlake/2.24.5/healthlake-2.24.5.jar:/Users/envy/.m2/repository/software/amazon/awssdk/auditmanager/2.24.5/auditmanager-2.24.5.jar:/Users/envy/.m2/repository/software/amazon/awssdk/amp/2.24.5/amp-2.24.5.jar:/Users/envy/.m2/repository/software/amazon/awssdk/greengrassv2/2.24.5/greengrassv2-2.24.5.jar:/Users/envy/.m2/repository/software/amazon/awssdk/iotwireless/2.24.5/iotwireless-2.24.5.jar:/Users/envy/.m2/repository/software/amazon/awssdk/iotfleethub/2.24.5/iotfleethub-2.24.5.jar:/Users/envy/.m2/repository/software/amazon/awssdk/iotdeviceadvisor/2.24.5/iotdeviceadvisor-2.24.5.jar:/Users/envy/.m2/repository/software/amazon/awssdk/location/2.24.5/location-2.24.5.jar:/Users/envy/.m2/repository/software/amazon/awssdk/wellarchitected/2.24.5/wellarchitected-2.24.5.jar:/Users/envy/.m2/repository/software/amazon/awssdk/lexruntimev2/2.24.5/lexruntimev2-2.24.5.jar:/Users/envy/.m2/repository/software/amazon/awssdk/lexmodelsv2/2.24.5/lexmodelsv2-2.24.5.jar:/Users/envy/.m2/repository/software/amazon/awssdk/fis/2.24.5/fis-2.24.5.jar:/Users/envy/.m2/repository/software/amazon/awssdk/lookoutmetrics/2.24.5/lookoutmetrics-2.24.5.jar:/Users/envy/.m2/repository/software/amazon/awssdk/mgn/2.24.5/mgn-2.24.5.jar:/Users/envy/.m2/repository/software/amazon/awssdk/lookoutequipment/2.24.5/lookoutequipment-2.24.5.jar:/Users/envy/.m2/repository/software/amazon/awssdk/nimble/2.24.5/nimble-2.24.5.jar:/Users/envy/.m2/repository/software/amazon/awssdk/finspacedata/2.24.5/finspacedata-2.24.5.jar:/Users/envy/.m2/repository/software/amazon/awssdk/finspace/2.24.5/finspace-2.24.5.jar:/Users/envy/.m2/repository/software/amazon/awssdk/ssmincidents/2.24.5/ssmincidents-2.24.5.jar:/Users/envy/.m2/repository/software/amazon/awssdk/ssmcontacts/2.24.5/ssmcontacts-2.24.5.jar:/Users/envy/.m2/repository/software/amazon/awssdk/applicationcostprofiler/2.24.5/applicationcostprofiler-2.24.5.jar:/Users/envy/.m2/repository/software/amazon/awssdk/apprunner/2.24.5/apprunner-2.24.5.jar:/Users/envy/.m2/repository/software/amazon/awssdk/proton/2.24.5/proton-2.24.5.jar:/Users/envy/.m2/repository/software/amazon/awssdk/route53recoveryreadiness/2.24.5/route53recoveryreadiness-2.24.5.jar:/Users/envy/.m2/repository/software/amazon/awssdk/route53recoverycontrolconfig/2.24.5/route53recoverycontrolconfig-2.24.5.jar:/Users/envy/.m2/repository/software/amazon/awssdk/route53recoverycluster/2.24.5/route53recoverycluster-2.24.5.jar:/Users/envy/.m2/repository/software/amazon/awssdk/chimesdkmessaging/2.24.5/chimesdkmessaging-2.24.5.jar:/Users/envy/.m2/repository/software/amazon/awssdk/chimesdkidentity/2.24.5/chimesdkidentity-2.24.5.jar:/Users/envy/.m2/repository/software/amazon/awssdk/snowdevicemanagement/2.24.5/snowdevicemanagement-2.24.5.jar:/Users/envy/.m2/repository/software/amazon/awssdk/memorydb/2.24.5/memorydb-2.24.5.jar:/Users/envy/.m2/repository/software/amazon/awssdk/opensearch/2.24.5/opensearch-2.24.5.jar:/Users/envy/.m2/repository/software/amazon/awssdk/kafkaconnect/2.24.5/kafkaconnect-2.24.5.jar:/Users/envy/.m2/repository/software/amazon/awssdk/wisdom/2.24.5/wisdom-2.24.5.jar:/Users/envy/.m2/repository/software/amazon/awssdk/voiceid/2.24.5/voiceid-2.24.5.jar:/Users/envy/.m2/repository/software/amazon/awssdk/account/2.24.5/account-2.24.5.jar:/Users/envy/.m2/repository/software/amazon/awssdk/cloudcontrol/2.24.5/cloudcontrol-2.24.5.jar:/Users/envy/.m2/repository/software/amazon/awssdk/grafana/2.24.5/grafana-2.24.5.jar:/Users/envy/.m2/repository/software/amazon/awssdk/panorama/2.24.5/panorama-2.24.5.jar:/Users/envy/.m2/repository/software/amazon/awssdk/chimesdkmeetings/2.24.5/chimesdkmeetings-2.24.5.jar:/Users/envy/.m2/repository/software/amazon/awssdk/resiliencehub/2.24.5/resiliencehub-2.24.5.jar:/Users/envy/.m2/repository/software/amazon/awssdk/migrationhubstrategy/2.24.5/migrationhubstrategy-2.24.5.jar:/Users/envy/.m2/repository/software/amazon/awssdk/drs/2.24.5/drs-2.24.5.jar:/Users/envy/.m2/repository/software/amazon/awssdk/appconfigdata/2.24.5/appconfigdata-2.24.5.jar:/Users/envy/.m2/repository/software/amazon/awssdk/migrationhubrefactorspaces/2.24.5/migrationhubrefactorspaces-2.24.5.jar:/Users/envy/.m2/repository/software/amazon/awssdk/inspector2/2.24.5/inspector2-2.24.5.jar:/Users/envy/.m2/repository/software/amazon/awssdk/evidently/2.24.5/evidently-2.24.5.jar:/Users/envy/.m2/repository/software/amazon/awssdk/rum/2.24.5/rum-2.24.5.jar:/Users/envy/.m2/repository/software/amazon/awssdk/rbin/2.24.5/rbin-2.24.5.jar:/Users/envy/.m2/repository/software/amazon/awssdk/iottwinmaker/2.24.5/iottwinmaker-2.24.5.jar:/Users/envy/.m2/repository/software/amazon/awssdk/workspacesweb/2.24.5/workspacesweb-2.24.5.jar:/Users/envy/.m2/repository/software/amazon/awssdk/backupgateway/2.24.5/backupgateway-2.24.5.jar:/Users/envy/.m2/repository/software/amazon/awssdk/amplifyuibuilder/2.24.5/amplifyuibuilder-2.24.5.jar:/Users/envy/.m2/repository/software/amazon/awssdk/keyspaces/2.24.5/keyspaces-2.24.5.jar:/Users/envy/.m2/repository/software/amazon/awssdk/billingconductor/2.24.5/billingconductor-2.24.5.jar:/Users/envy/.m2/repository/software/amazon/awssdk/pinpointsmsvoicev2/2.24.5/pinpointsmsvoicev2-2.24.5.jar:/Users/envy/.m2/repository/software/amazon/awssdk/ivschat/2.24.5/ivschat-2.24.5.jar:/Users/envy/.m2/repository/software/amazon/awssdk/chimesdkmediapipelines/2.24.5/chimesdkmediapipelines-2.24.5.jar:/Users/envy/.m2/repository/software/amazon/awssdk/emrserverless/2.24.5/emrserverless-2.24.5.jar:/Users/envy/.m2/repository/software/amazon/awssdk/m2/2.24.5/m2-2.24.5.jar:/Users/envy/.m2/repository/software/amazon/awssdk/connectcampaigns/2.24.5/connectcampaigns-2.24.5.jar:/Users/envy/.m2/repository/software/amazon/awssdk/redshiftserverless/2.24.5/redshiftserverless-2.24.5.jar:/Users/envy/.m2/repository/software/amazon/awssdk/rolesanywhere/2.24.5/rolesanywhere-2.24.5.jar:/Users/envy/.m2/repository/software/amazon/awssdk/licensemanagerusersubscriptions/2.24.5/licensemanagerusersubscriptions-2.24.5.jar:/Users/envy/.m2/repository/software/amazon/awssdk/backupstorage/2.24.5/backupstorage-2.24.5.jar:/Users/envy/.m2/repository/software/amazon/awssdk/privatenetworks/2.24.5/privatenetworks-2.24.5.jar:/Users/envy/.m2/repository/software/amazon/awssdk/supportapp/2.24.5/supportapp-2.24.5.jar:/Users/envy/.m2/repository/software/amazon/awssdk/controltower/2.24.5/controltower-2.24.5.jar:/Users/envy/.m2/repository/software/amazon/awssdk/iotfleetwise/2.24.5/iotfleetwise-2.24.5.jar:/Users/envy/.m2/repository/software/amazon/awssdk/migrationhuborchestrator/2.24.5/migrationhuborchestrator-2.24.5.jar:/Users/envy/.m2/repository/software/amazon/awssdk/connectcases/2.24.5/connectcases-2.24.5.jar:/Users/envy/.m2/repository/software/amazon/awssdk/resourceexplorer2/2.24.5/resourceexplorer2-2.24.5.jar:/Users/envy/.m2/repository/software/amazon/awssdk/scheduler/2.24.5/scheduler-2.24.5.jar:/Users/envy/.m2/repository/software/amazon/awssdk/ssmsap/2.24.5/ssmsap-2.24.5.jar:/Users/envy/.m2/repository/software/amazon/awssdk/chimesdkvoice/2.24.5/chimesdkvoice-2.24.5.jar:/Users/envy/.m2/repository/software/amazon/awssdk/iotroborunner/2.24.5/iotroborunner-2.24.5.jar:/Users/envy/.m2/repository/software/amazon/awssdk/oam/2.24.5/oam-2.24.5.jar:/Users/envy/.m2/repository/software/amazon/awssdk/arczonalshift/2.24.5/arczonalshift-2.24.5.jar:/Users/envy/.m2/repository/software/amazon/awssdk/simspaceweaver/2.24.5/simspaceweaver-2.24.5.jar:/Users/envy/.m2/repository/software/amazon/awssdk/securitylake/2.24.5/securitylake-2.24.5.jar:/Users/envy/.m2/repository/software/amazon/awssdk/opensearchserverless/2.24.5/opensearchserverless-2.24.5.jar:/Users/envy/.m2/repository/software/amazon/awssdk/omics/2.24.5/omics-2.24.5.jar:/Users/envy/.m2/repository/software/amazon/awssdk/docdbelastic/2.24.5/docdbelastic-2.24.5.jar:/Users/envy/.m2/repository/software/amazon/awssdk/sagemakergeospatial/2.24.5/sagemakergeospatial-2.24.5.jar:/Users/envy/.m2/repository/software/amazon/awssdk/pipes/2.24.5/pipes-2.24.5.jar:/Users/envy/.m2/repository/software/amazon/awssdk/codecatalyst/2.24.5/codecatalyst-2.24.5.jar:/Users/envy/.m2/repository/software/amazon/awssdk/sagemakermetrics/2.24.5/sagemakermetrics-2.24.5.jar:/Users/envy/.m2/repository/software/amazon/awssdk/kinesisvideowebrtcstorage/2.24.5/kinesisvideowebrtcstorage-2.24.5.jar:/Users/envy/.m2/repository/software/amazon/awssdk/licensemanagerlinuxsubscriptions/2.24.5/licensemanagerlinuxsubscriptions-2.24.5.jar:/Users/envy/.m2/repository/software/amazon/awssdk/kendraranking/2.24.5/kendraranking-2.24.5.jar:/Users/envy/.m2/repository/software/amazon/awssdk/cleanrooms/2.24.5/cleanrooms-2.24.5.jar:/Users/envy/.m2/repository/software/amazon/awssdk/cloudtraildata/2.24.5/cloudtraildata-2.24.5.jar:/Users/envy/.m2/repository/software/amazon/awssdk/tnb/2.24.5/tnb-2.24.5.jar:/Users/envy/.m2/repository/software/amazon/awssdk/internetmonitor/2.24.5/internetmonitor-2.24.5.jar:/Users/envy/.m2/repository/software/amazon/awssdk/ivsrealtime/2.24.5/ivsrealtime-2.24.5.jar:/Users/envy/.m2/repository/software/amazon/awssdk/vpclattice/2.24.5/vpclattice-2.24.5.jar:/Users/envy/.m2/repository/software/amazon/awssdk/osis/2.24.5/osis-2.24.5.jar:/Users/envy/.m2/repository/software/amazon/awssdk/mediapackagev2/2.24.5/mediapackagev2-2.24.5.jar:/Users/envy/.m2/repository/software/amazon/awssdk/paymentcryptographydata/2.24.5/paymentcryptographydata-2.24.5.jar:/Users/envy/.m2/repository/software/amazon/awssdk/paymentcryptography/2.24.5/paymentcryptography-2.24.5.jar:/Users/envy/.m2/repository/software/amazon/awssdk/codegurusecurity/2.24.5/codegurusecurity-2.24.5.jar:/Users/envy/.m2/repository/software/amazon/awssdk/verifiedpermissions/2.24.5/verifiedpermissions-2.24.5.jar:/Users/envy/.m2/repository/software/amazon/awssdk/appfabric/2.24.5/appfabric-2.24.5.jar:/Users/envy/.m2/repository/software/amazon/awssdk/medicalimaging/2.24.5/medicalimaging-2.24.5.jar:/Users/envy/.m2/repository/software/amazon/awssdk/entityresolution/2.24.5/entityresolution-2.24.5.jar:/Users/envy/.m2/repository/software/amazon/awssdk/managedblockchainquery/2.24.5/managedblockchainquery-2.24.5.jar:/Users/envy/.m2/repository/software/amazon/awssdk/pcaconnectorad/2.24.5/pcaconnectorad-2.24.5.jar:/Users/envy/.m2/repository/software/amazon/awssdk/neptunedata/2.24.5/neptunedata-2.24.5.jar:/Users/envy/.m2/repository/software/amazon/awssdk/bedrockruntime/2.24.5/bedrockruntime-2.24.5.jar:/Users/envy/.m2/repository/software/amazon/awssdk/bedrock/2.24.5/bedrock-2.24.5.jar:/Users/envy/.m2/repository/software/amazon/awssdk/datazone/2.24.5/datazone-2.24.5.jar:/Users/envy/.m2/repository/software/amazon/awssdk/cloudwatch-metric-publisher/2.24.5/cloudwatch-metric-publisher-2.24.5.jar:/Users/envy/.m2/repository/software/amazon/awssdk/launchwizard/2.24.5/launchwizard-2.24.5.jar:/Users/envy/.m2/repository/software/amazon/awssdk/trustedadvisor/2.24.5/trustedadvisor-2.24.5.jar:/Users/envy/.m2/repository/software/amazon/awssdk/cloudfrontkeyvaluestore/2.24.5/cloudfrontkeyvaluestore-2.24.5.jar:/Users/envy/.m2/repository/software/amazon/awssdk/inspectorscan/2.24.5/inspectorscan-2.24.5.jar:/Users/envy/.m2/repository/software/amazon/awssdk/costoptimizationhub/2.24.5/costoptimizationhub-2.24.5.jar:/Users/envy/.m2/repository/software/amazon/awssdk/repostspace/2.24.5/repostspace-2.24.5.jar:/Users/envy/.m2/repository/software/amazon/awssdk/bcmdataexports/2.24.5/bcmdataexports-2.24.5.jar:/Users/envy/.m2/repository/software/amazon/awssdk/freetier/2.24.5/freetier-2.24.5.jar:/Users/envy/.m2/repository/software/amazon/awssdk/eksauth/2.24.5/eksauth-2.24.5.jar:/Users/envy/.m2/repository/software/amazon/awssdk/workspacesthinclient/2.24.5/workspacesthinclient-2.24.5.jar:/Users/envy/.m2/repository/software/amazon/awssdk/b2bi/2.24.5/b2bi-2.24.5.jar:/Users/envy/.m2/repository/software/amazon/awssdk/bedrockagentruntime/2.24.5/bedrockagentruntime-2.24.5.jar:/Users/envy/.m2/repository/software/amazon/awssdk/qbusiness/2.24.5/qbusiness-2.24.5.jar:/Users/envy/.m2/repository/software/amazon/awssdk/qconnect/2.24.5/qconnect-2.24.5.jar:/Users/envy/.m2/repository/software/amazon/awssdk/bedrockagent/2.24.5/bedrockagent-2.24.5.jar:/Users/envy/.m2/repository/software/amazon/awssdk/cleanroomsml/2.24.5/cleanroomsml-2.24.5.jar:/Users/envy/.m2/repository/software/amazon/awssdk/marketplacedeployment/2.24.5/marketplacedeployment-2.24.5.jar:/Users/envy/.m2/repository/software/amazon/awssdk/marketplaceagreement/2.24.5/marketplaceagreement-2.24.5.jar:/Users/envy/.m2/repository/software/amazon/awssdk/neptunegraph/2.24.5/neptunegraph-2.24.5.jar:/Users/envy/.m2/repository/software/amazon/awssdk/networkmonitor/2.24.5/networkmonitor-2.24.5.jar:/Users/envy/.m2/repository/software/amazon/awssdk/supplychain/2.24.5/supplychain-2.24.5.jar:/Users/envy/.m2/repository/software/amazon/awssdk/artifact/2.24.5/artifact-2.24.5.jar:/Users/envy/.m2/repository/com/google/dagger/dagger/2.0/dagger-2.0.jar:/Users/envy/.m2/repository/javax/inject/javax.inject/1/javax.inject-1.jar:/Users/envy/.m2/repository/org/projectlombok/lombok/1.18.30/lombok-1.18.30.jar:/Users/envy/.m2/repository/com/googlecode/json-simple/json-simple/1.1.1/json-simple-1.1.1.jar:/Users/envy/.m2/repository/junit/junit/4.12/junit-4.12.jar:/Users/envy/.m2/repository/org/hamcrest/hamcrest-core/1.3/hamcrest-core-1.3.jar:/Users/envy/.m2/repository/com/fasterxml/jackson/core/jackson-core/2.16.1/jackson-core-2.16.1.jar:/Users/envy/.m2/repository/org/slf4j/slf4j-api/2.0.11/slf4j-api-2.0.11.jar:/Users/envy/.m2/repository/org/junit/jupiter/junit-jupiter-api/5.10.2/junit-jupiter-api-5.10.2.jar:/Users/envy/.m2/repository/org/opentest4j/opentest4j/1.3.0/opentest4j-1.3.0.jar:/Users/envy/.m2/repository/org/junit/platform/junit-platform-commons/1.10.2/junit-platform-commons-1.10.2.jar:/Users/envy/.m2/repository/org/apiguardian/apiguardian-api/1.1.2/apiguardian-api-1.1.2.jar:/Users/envy/.m2/repository/org/mockito/mockito-core/5.9.0/mockito-core-5.9.0.jar:/Users/envy/.m2/repository/net/bytebuddy/byte-buddy/1.14.11/byte-buddy-1.14.11.jar:/Users/envy/.m2/repository/net/bytebuddy/byte-buddy-agent/1.14.11/byte-buddy-agent-1.14.11.jar:/Users/envy/.m2/repository/org/objenesis/objenesis/3.3/objenesis-3.3.jar:"/>
    <property name="java.vm.vendor" value="Amazon.com Inc."/>
    <property name="sun.arch.data.model" value="64"/>
    <property name="java.vendor.url" value="https://aws.amazon.com/corretto/"/>
    <property name="os.name" value="Mac OS X"/>
    <property name="java.vm.specification.version" value="17"/>
    <property name="sun.java.launcher" value="SUN_STANDARD"/>
    <property name="user.country" value="US"/>
    <property name="sun.boot.library.path" value="/Library/Java/JavaVirtualMachines/amazon-corretto-17.jdk/Contents/Home/lib"/>
    <property name="sun.java.command" value="/Users/envy/Documents/github/JavaApiGateway/lambda/java-api-gateway/target/surefire/surefirebooter-20240220131242348_3.jar /Users/envy/Documents/github/JavaApiGateway/lambda/java-api-gateway/target/surefire 2024-02-20T13-12-42_299-jvmRun1 surefire-20240220131242348_1tmp surefire_0-20240220131242348_2tmp"/>
    <property name="http.nonProxyHosts" value="local|*.local|169.254/16|*.169.254/16"/>
    <property name="jdk.debug" value="release"/>
    <property name="surefire.test.class.path" value="/Users/envy/Documents/github/JavaApiGateway/lambda/java-api-gateway/target/test-classes:/Users/envy/Documents/github/JavaApiGateway/lambda/java-api-gateway/target/classes:/Users/envy/.m2/repository/com/amazonaws/aws-lambda-java-core/1.2.3/aws-lambda-java-core-1.2.3.jar:/Users/envy/.m2/repository/com/amazonaws/aws-lambda-java-events/3.11.4/aws-lambda-java-events-3.11.4.jar:/Users/envy/.m2/repository/joda-time/joda-time/2.10.8/joda-time-2.10.8.jar:/Users/envy/.m2/repository/software/amazon/awssdk/aws-sdk-java/2.24.5/aws-sdk-java-2.24.5.jar:/Users/envy/.m2/repository/software/amazon/awssdk/acm/2.2.0/acm-2.2.0.jar:/Users/envy/.m2/repository/software/amazon/awssdk/aws-json-protocol/2.2.0/aws-json-protocol-2.2.0.jar:/Users/envy/.m2/repository/software/amazon/awssdk/protocol-core/2.2.0/protocol-core-2.2.0.jar:/Users/envy/.m2/repository/software/amazon/awssdk/sdk-core/2.2.0/sdk-core-2.2.0.jar:/Users/envy/.m2/repository/com/fasterxml/jackson/core/jackson-databind/2.9.7/jackson-databind-2.9.7.jar:/Users/envy/.m2/repository/org/reactivestreams/reactive-streams/1.0.2/reactive-streams-1.0.2.jar:/Users/envy/.m2/repository/software/amazon/awssdk/auth/2.2.0/auth-2.2.0.jar:/Users/envy/.m2/repository/software/amazon/flow/1.7/flow-1.7.jar:/Users/envy/.m2/repository/software/amazon/awssdk/http-client-spi/2.2.0/http-client-spi-2.2.0.jar:/Users/envy/.m2/repository/software/amazon/awssdk/regions/2.2.0/regions-2.2.0.jar:/Users/envy/.m2/repository/com/fasterxml/jackson/core/jackson-annotations/2.9.7/jackson-annotations-2.9.7.jar:/Users/envy/.m2/repository/software/amazon/awssdk/annotations/2.2.0/annotations-2.2.0.jar:/Users/envy/.m2/repository/software/amazon/awssdk/utils/2.2.0/utils-2.2.0.jar:/Users/envy/.m2/repository/software/amazon/awssdk/aws-core/2.2.0/aws-core-2.2.0.jar:/Users/envy/.m2/repository/software/amazon/awssdk/apache-client/2.2.0/apache-client-2.2.0.jar:/Users/envy/.m2/repository/org/apache/httpcomponents/httpclient/4.5.6/httpclient-4.5.6.jar:/Users/envy/.m2/repository/commons-logging/commons-logging/1.2/commons-logging-1.2.jar:/Users/envy/.m2/repository/commons-codec/commons-codec/1.10/commons-codec-1.10.jar:/Users/envy/.m2/repository/org/apache/httpcomponents/httpcore/4.4.10/httpcore-4.4.10.jar:/Users/envy/.m2/repository/software/amazon/awssdk/netty-nio-client/2.2.0/netty-nio-client-2.2.0.jar:/Users/envy/.m2/repository/io/netty/netty-codec-http/4.1.32.Final/netty-codec-http-4.1.32.Final.jar:/Users/envy/.m2/repository/io/netty/netty-codec-http2/4.1.32.Final/netty-codec-http2-4.1.32.Final.jar:/Users/envy/.m2/repository/io/netty/netty-codec/4.1.32.Final/netty-codec-4.1.32.Final.jar:/Users/envy/.m2/repository/io/netty/netty-transport/4.1.32.Final/netty-transport-4.1.32.Final.jar:/Users/envy/.m2/repository/io/netty/netty-resolver/4.1.32.Final/netty-resolver-4.1.32.Final.jar:/Users/envy/.m2/repository/io/netty/netty-common/4.1.32.Final/netty-common-4.1.32.Final.jar:/Users/envy/.m2/repository/io/netty/netty-buffer/4.1.32.Final/netty-buffer-4.1.32.Final.jar:/Users/envy/.m2/repository/io/netty/netty-handler/4.1.32.Final/netty-handler-4.1.32.Final.jar:/Users/envy/.m2/repository/io/netty/netty-transport-native-epoll/4.1.32.Final/netty-transport-native-epoll-4.1.32.Final-linux-x86_64.jar:/Users/envy/.m2/repository/io/netty/netty-transport-native-unix-common/4.1.32.Final/netty-transport-native-unix-common-4.1.32.Final.jar:/Users/envy/.m2/repository/com/typesafe/netty/netty-reactive-streams-http/2.0.0/netty-reactive-streams-http-2.0.0.jar:/Users/envy/.m2/repository/com/typesafe/netty/netty-reactive-streams/2.0.0/netty-reactive-streams-2.0.0.jar:/Users/envy/.m2/repository/software/amazon/awssdk/acmpca/2.24.5/acmpca-2.24.5.jar:/Users/envy/.m2/repository/software/amazon/awssdk/http-auth-aws/2.24.5/http-auth-aws-2.24.5.jar:/Users/envy/.m2/repository/software/amazon/awssdk/checksums-spi/2.24.5/checksums-spi-2.24.5.jar:/Users/envy/.m2/repository/software/amazon/awssdk/checksums/2.24.5/checksums-2.24.5.jar:/Users/envy/.m2/repository/software/amazon/awssdk/http-auth-spi/2.24.5/http-auth-spi-2.24.5.jar:/Users/envy/.m2/repository/software/amazon/awssdk/http-auth/2.24.5/http-auth-2.24.5.jar:/Users/envy/.m2/repository/software/amazon/awssdk/identity-spi/2.24.5/identity-spi-2.24.5.jar:/Users/envy/.m2/repository/software/amazon/awssdk/metrics-spi/2.24.5/metrics-spi-2.24.5.jar:/Users/envy/.m2/repository/software/amazon/awssdk/json-utils/2.24.5/json-utils-2.24.5.jar:/Users/envy/.m2/repository/software/amazon/awssdk/endpoints-spi/2.24.5/endpoints-spi-2.24.5.jar:/Users/envy/.m2/repository/software/amazon/awssdk/alexaforbusiness/2.2.0/alexaforbusiness-2.2.0.jar:/Users/envy/.m2/repository/software/amazon/awssdk/amplify/2.24.5/amplify-2.24.5.jar:/Users/envy/.m2/repository/software/amazon/awssdk/apigateway/2.2.0/apigateway-2.2.0.jar:/Users/envy/.m2/repository/software/amazon/awssdk/apigatewaymanagementapi/2.24.5/apigatewaymanagementapi-2.24.5.jar:/Users/envy/.m2/repository/software/amazon/awssdk/apigatewayv2/2.24.5/apigatewayv2-2.24.5.jar:/Users/envy/.m2/repository/software/amazon/awssdk/applicationautoscaling/2.2.0/applicationautoscaling-2.2.0.jar:/Users/envy/.m2/repository/software/amazon/awssdk/applicationdiscovery/2.2.0/applicationdiscovery-2.2.0.jar:/Users/envy/.m2/repository/software/amazon/awssdk/appmesh/2.24.5/appmesh-2.24.5.jar:/Users/envy/.m2/repository/software/amazon/awssdk/appstream/2.2.0/appstream-2.2.0.jar:/Users/envy/.m2/repository/software/amazon/awssdk/appsync/2.24.5/appsync-2.24.5.jar:/Users/envy/.m2/repository/software/amazon/awssdk/athena/2.2.0/athena-2.2.0.jar:/Users/envy/.m2/repository/software/amazon/awssdk/autoscaling/2.2.0/autoscaling-2.2.0.jar:/Users/envy/.m2/repository/software/amazon/awssdk/aws-query-protocol/2.2.0/aws-query-protocol-2.2.0.jar:/Users/envy/.m2/repository/software/amazon/awssdk/autoscalingplans/2.24.5/autoscalingplans-2.24.5.jar:/Users/envy/.m2/repository/software/amazon/awssdk/backup/2.24.5/backup-2.24.5.jar:/Users/envy/.m2/repository/software/amazon/awssdk/batch/2.2.0/batch-2.2.0.jar:/Users/envy/.m2/repository/software/amazon/awssdk/budgets/2.2.0/budgets-2.2.0.jar:/Users/envy/.m2/repository/software/amazon/awssdk/chime/2.24.5/chime-2.24.5.jar:/Users/envy/.m2/repository/software/amazon/awssdk/cloud9/2.24.5/cloud9-2.24.5.jar:/Users/envy/.m2/repository/software/amazon/awssdk/clouddirectory/2.2.0/clouddirectory-2.2.0.jar:/Users/envy/.m2/repository/software/amazon/awssdk/cloudformation/2.2.0/cloudformation-2.2.0.jar:/Users/envy/.m2/repository/software/amazon/awssdk/cloudfront/2.2.0/cloudfront-2.2.0.jar:/Users/envy/.m2/repository/software/amazon/awssdk/aws-xml-protocol/2.2.0/aws-xml-protocol-2.2.0.jar:/Users/envy/.m2/repository/software/amazon/awssdk/cloudhsm/2.2.0/cloudhsm-2.2.0.jar:/Users/envy/.m2/repository/software/amazon/awssdk/cloudhsmv2/2.24.5/cloudhsmv2-2.24.5.jar:/Users/envy/.m2/repository/software/amazon/awssdk/cloudsearch/2.2.0/cloudsearch-2.2.0.jar:/Users/envy/.m2/repository/software/amazon/awssdk/cloudsearchdomain/2.2.0/cloudsearchdomain-2.2.0.jar:/Users/envy/.m2/repository/software/amazon/awssdk/cloudtrail/2.2.0/cloudtrail-2.2.0.jar:/Users/envy/.m2/repository/software/amazon/awssdk/cloudwatch/2.2.0/cloudwatch-2.2.0.jar:/Users/envy/.m2/repository/software/amazon/awssdk/cloudwatchevents/2.2.0/cloudwatchevents-2.2.0.jar:/Users/envy/.m2/repository/software/amazon/awssdk/cloudwatchlogs/2.2.0/cloudwatchlogs-2.2.0.jar:/Users/envy/.m2/repository/software/amazon/awssdk/codebuild/2.2.0/codebuild-2.2.0.jar:/Users/envy/.m2/repository/software/amazon/awssdk/codecommit/2.2.0/codecommit-2.2.0.jar:/Users/envy/.m2/repository/software/amazon/awssdk/codedeploy/2.2.0/codedeploy-2.2.0.jar:/Users/envy/.m2/repository/software/amazon/awssdk/codepipeline/2.2.0/codepipeline-2.2.0.jar:/Users/envy/.m2/repository/software/amazon/awssdk/codestar/2.24.5/codestar-2.24.5.jar:/Users/envy/.m2/repository/software/amazon/awssdk/cognitoidentity/2.2.0/cognitoidentity-2.2.0.jar:/Users/envy/.m2/repository/software/amazon/awssdk/cognitoidentityprovider/2.2.0/cognitoidentityprovider-2.2.0.jar:/Users/envy/.m2/repository/software/amazon/awssdk/cognitosync/2.2.0/cognitosync-2.2.0.jar:/Users/envy/.m2/repository/software/amazon/awssdk/comprehend/2.24.5/comprehend-2.24.5.jar:/Users/envy/.m2/repository/software/amazon/awssdk/comprehendmedical/2.24.5/comprehendmedical-2.24.5.jar:/Users/envy/.m2/repository/software/amazon/awssdk/config/2.2.0/config-2.2.0.jar:/Users/envy/.m2/repository/software/amazon/awssdk/connect/2.24.5/connect-2.24.5.jar:/Users/envy/.m2/repository/software/amazon/awssdk/costandusagereport/2.2.0/costandusagereport-2.2.0.jar:/Users/envy/.m2/repository/software/amazon/awssdk/costexplorer/2.2.0/costexplorer-2.2.0.jar:/Users/envy/.m2/repository/software/amazon/awssdk/databasemigration/2.2.0/databasemigration-2.2.0.jar:/Users/envy/.m2/repository/software/amazon/awssdk/datapipeline/2.2.0/datapipeline-2.2.0.jar:/Users/envy/.m2/repository/software/amazon/awssdk/datasync/2.24.5/datasync-2.24.5.jar:/Users/envy/.m2/repository/software/amazon/awssdk/dax/2.24.5/dax-2.24.5.jar:/Users/envy/.m2/repository/software/amazon/awssdk/devicefarm/2.2.0/devicefarm-2.2.0.jar:/Users/envy/.m2/repository/software/amazon/awssdk/directconnect/2.2.0/directconnect-2.2.0.jar:/Users/envy/.m2/repository/software/amazon/awssdk/directory/2.2.0/directory-2.2.0.jar:/Users/envy/.m2/repository/software/amazon/awssdk/dlm/2.24.5/dlm-2.24.5.jar:/Users/envy/.m2/repository/software/amazon/awssdk/docdb/2.24.5/docdb-2.24.5.jar:/Users/envy/.m2/repository/software/amazon/awssdk/dynamodb/2.2.0/dynamodb-2.2.0.jar:/Users/envy/.m2/repository/software/amazon/awssdk/dynamodb-enhanced/2.24.5/dynamodb-enhanced-2.24.5.jar:/Users/envy/.m2/repository/software/amazon/awssdk/ec2/2.2.0/ec2-2.2.0.jar:/Users/envy/.m2/repository/software/amazon/awssdk/ecr/2.2.0/ecr-2.2.0.jar:/Users/envy/.m2/repository/software/amazon/awssdk/ecs/2.2.0/ecs-2.2.0.jar:/Users/envy/.m2/repository/software/amazon/awssdk/efs/2.2.0/efs-2.2.0.jar:/Users/envy/.m2/repository/software/amazon/awssdk/eks/2.24.5/eks-2.24.5.jar:/Users/envy/.m2/repository/software/amazon/awssdk/elasticache/2.2.0/elasticache-2.2.0.jar:/Users/envy/.m2/repository/software/amazon/awssdk/elasticbeanstalk/2.2.0/elasticbeanstalk-2.2.0.jar:/Users/envy/.m2/repository/software/amazon/awssdk/elasticloadbalancing/2.2.0/elasticloadbalancing-2.2.0.jar:/Users/envy/.m2/repository/software/amazon/awssdk/elasticloadbalancingv2/2.2.0/elasticloadbalancingv2-2.2.0.jar:/Users/envy/.m2/repository/software/amazon/awssdk/elasticsearch/2.2.0/elasticsearch-2.2.0.jar:/Users/envy/.m2/repository/software/amazon/awssdk/elastictranscoder/2.2.0/elastictranscoder-2.2.0.jar:/Users/envy/.m2/repository/software/amazon/awssdk/emr/2.2.0/emr-2.2.0.jar:/Users/envy/.m2/repository/software/amazon/awssdk/firehose/2.2.0/firehose-2.2.0.jar:/Users/envy/.m2/repository/software/amazon/awssdk/fms/2.24.5/fms-2.24.5.jar:/Users/envy/.m2/repository/software/amazon/awssdk/fsx/2.24.5/fsx-2.24.5.jar:/Users/envy/.m2/repository/software/amazon/awssdk/gamelift/2.2.0/gamelift-2.2.0.jar:/Users/envy/.m2/repository/software/amazon/awssdk/glacier/2.2.0/glacier-2.2.0.jar:/Users/envy/.m2/repository/software/amazon/awssdk/globalaccelerator/2.24.5/globalaccelerator-2.24.5.jar:/Users/envy/.m2/repository/software/amazon/awssdk/glue/2.24.5/glue-2.24.5.jar:/Users/envy/.m2/repository/software/amazon/awssdk/greengrass/2.24.5/greengrass-2.24.5.jar:/Users/envy/.m2/repository/software/amazon/awssdk/guardduty/2.24.5/guardduty-2.24.5.jar:/Users/envy/.m2/repository/software/amazon/awssdk/health/2.2.0/health-2.2.0.jar:/Users/envy/.m2/repository/software/amazon/awssdk/iam/2.2.0/iam-2.2.0.jar:/Users/envy/.m2/repository/software/amazon/awssdk/iam-policy-builder/2.24.5/iam-policy-builder-2.24.5.jar:/Users/envy/.m2/repository/software/amazon/awssdk/third-party-jackson-core/2.24.5/third-party-jackson-core-2.24.5.jar:/Users/envy/.m2/repository/software/amazon/awssdk/imds/2.24.5/imds-2.24.5.jar:/Users/envy/.m2/repository/software/amazon/awssdk/inspector/2.2.0/inspector-2.2.0.jar:/Users/envy/.m2/repository/software/amazon/awssdk/iot/2.2.0/iot-2.2.0.jar:/Users/envy/.m2/repository/software/amazon/awssdk/iot1clickdevices/2.24.5/iot1clickdevices-2.24.5.jar:/Users/envy/.m2/repository/software/amazon/awssdk/iot1clickprojects/2.24.5/iot1clickprojects-2.24.5.jar:/Users/envy/.m2/repository/software/amazon/awssdk/iotanalytics/2.24.5/iotanalytics-2.24.5.jar:/Users/envy/.m2/repository/software/amazon/awssdk/iotdataplane/2.2.0/iotdataplane-2.2.0.jar:/Users/envy/.m2/repository/software/amazon/awssdk/iotjobsdataplane/2.24.5/iotjobsdataplane-2.24.5.jar:/Users/envy/.m2/repository/software/amazon/awssdk/kafka/2.24.5/kafka-2.24.5.jar:/Users/envy/.m2/repository/software/amazon/awssdk/kinesis/2.2.0/kinesis-2.2.0.jar:/Users/envy/.m2/repository/software/amazon/awssdk/aws-cbor-protocol/2.2.0/aws-cbor-protocol-2.2.0.jar:/Users/envy/.m2/repository/com/fasterxml/jackson/dataformat/jackson-dataformat-cbor/2.9.7/jackson-dataformat-cbor-2.9.7.jar:/Users/envy/.m2/repository/software/amazon/awssdk/kinesisanalytics/2.2.0/kinesisanalytics-2.2.0.jar:/Users/envy/.m2/repository/software/amazon/awssdk/kinesisanalyticsv2/2.24.5/kinesisanalyticsv2-2.24.5.jar:/Users/envy/.m2/repository/software/amazon/awssdk/kinesisvideo/2.2.0/kinesisvideo-2.2.0.jar:/Users/envy/.m2/repository/software/amazon/awssdk/kinesisvideoarchivedmedia/2.24.5/kinesisvideoarchivedmedia-2.24.5.jar:/Users/envy/.m2/repository/software/amazon/awssdk/kinesisvideomedia/2.24.5/kinesisvideomedia-2.24.5.jar:/Users/envy/.m2/repository/software/amazon/awssdk/kms/2.2.0/kms-2.2.0.jar:/Users/envy/.m2/repository/software/amazon/awssdk/lambda/2.2.0/lambda-2.2.0.jar:/Users/envy/.m2/repository/software/amazon/awssdk/lexmodelbuilding/2.2.0/lexmodelbuilding-2.2.0.jar:/Users/envy/.m2/repository/software/amazon/awssdk/lexruntime/2.2.0/lexruntime-2.2.0.jar:/Users/envy/.m2/repository/software/amazon/awssdk/licensemanager/2.24.5/licensemanager-2.24.5.jar:/Users/envy/.m2/repository/software/amazon/awssdk/lightsail/2.2.0/lightsail-2.2.0.jar:/Users/envy/.m2/repository/software/amazon/awssdk/machinelearning/2.2.0/machinelearning-2.2.0.jar:/Users/envy/.m2/repository/software/amazon/awssdk/managedblockchain/2.24.5/managedblockchain-2.24.5.jar:/Users/envy/.m2/repository/software/amazon/awssdk/marketplacecommerceanalytics/2.2.0/marketplacecommerceanalytics-2.2.0.jar:/Users/envy/.m2/repository/software/amazon/awssdk/marketplaceentitlement/2.24.5/marketplaceentitlement-2.24.5.jar:/Users/envy/.m2/repository/software/amazon/awssdk/marketplacemetering/2.2.0/marketplacemetering-2.2.0.jar:/Users/envy/.m2/repository/software/amazon/awssdk/mediaconnect/2.24.5/mediaconnect-2.24.5.jar:/Users/envy/.m2/repository/software/amazon/awssdk/mediaconvert/2.24.5/mediaconvert-2.24.5.jar:/Users/envy/.m2/repository/software/amazon/awssdk/medialive/2.24.5/medialive-2.24.5.jar:/Users/envy/.m2/repository/software/amazon/awssdk/mediapackage/2.24.5/mediapackage-2.24.5.jar:/Users/envy/.m2/repository/software/amazon/awssdk/mediapackagevod/2.24.5/mediapackagevod-2.24.5.jar:/Users/envy/.m2/repository/software/amazon/awssdk/mediastore/2.2.0/mediastore-2.2.0.jar:/Users/envy/.m2/repository/software/amazon/awssdk/mediastoredata/2.2.0/mediastoredata-2.2.0.jar:/Users/envy/.m2/repository/software/amazon/awssdk/mediatailor/2.24.5/mediatailor-2.24.5.jar:/Users/envy/.m2/repository/software/amazon/awssdk/migrationhub/2.24.5/migrationhub-2.24.5.jar:/Users/envy/.m2/repository/software/amazon/awssdk/mobile/2.24.5/mobile-2.24.5.jar:/Users/envy/.m2/repository/software/amazon/awssdk/mq/2.24.5/mq-2.24.5.jar:/Users/envy/.m2/repository/software/amazon/awssdk/mturk/2.2.0/mturk-2.2.0.jar:/Users/envy/.m2/repository/software/amazon/awssdk/neptune/2.24.5/neptune-2.24.5.jar:/Users/envy/.m2/repository/software/amazon/awssdk/opsworks/2.2.0/opsworks-2.2.0.jar:/Users/envy/.m2/repository/software/amazon/awssdk/opsworkscm/2.2.0/opsworkscm-2.2.0.jar:/Users/envy/.m2/repository/software/amazon/awssdk/organizations/2.2.0/organizations-2.2.0.jar:/Users/envy/.m2/repository/software/amazon/awssdk/pi/2.24.5/pi-2.24.5.jar:/Users/envy/.m2/repository/software/amazon/awssdk/pinpoint/2.2.0/pinpoint-2.2.0.jar:/Users/envy/.m2/repository/software/amazon/awssdk/pinpointemail/2.24.5/pinpointemail-2.24.5.jar:/Users/envy/.m2/repository/software/amazon/awssdk/pinpointsmsvoice/2.24.5/pinpointsmsvoice-2.24.5.jar:/Users/envy/.m2/repository/software/amazon/awssdk/polly/2.2.0/polly-2.2.0.jar:/Users/envy/.m2/repository/software/amazon/awssdk/pricing/2.24.5/pricing-2.24.5.jar:/Users/envy/.m2/repository/software/amazon/awssdk/quicksight/2.24.5/quicksight-2.24.5.jar:/Users/envy/.m2/repository/software/amazon/awssdk/ram/2.24.5/ram-2.24.5.jar:/Users/envy/.m2/repository/software/amazon/awssdk/rds/2.2.0/rds-2.2.0.jar:/Users/envy/.m2/repository/software/amazon/awssdk/rdsdata/2.24.5/rdsdata-2.24.5.jar:/Users/envy/.m2/repository/software/amazon/awssdk/redshift/2.2.0/redshift-2.2.0.jar:/Users/envy/.m2/repository/software/amazon/awssdk/rekognition/2.2.0/rekognition-2.2.0.jar:/Users/envy/.m2/repository/software/amazon/awssdk/resourcegroups/2.2.0/resourcegroups-2.2.0.jar:/Users/envy/.m2/repository/software/amazon/awssdk/resourcegroupstaggingapi/2.24.5/resourcegroupstaggingapi-2.24.5.jar:/Users/envy/.m2/repository/software/amazon/awssdk/robomaker/2.24.5/robomaker-2.24.5.jar:/Users/envy/.m2/repository/software/amazon/awssdk/route53/2.2.0/route53-2.2.0.jar:/Users/envy/.m2/repository/software/amazon/awssdk/route53domains/2.2.0/route53domains-2.2.0.jar:/Users/envy/.m2/repository/software/amazon/awssdk/route53resolver/2.24.5/route53resolver-2.24.5.jar:/Users/envy/.m2/repository/software/amazon/awssdk/s3/2.2.0/s3-2.2.0.jar:/Users/envy/.m2/repository/software/amazon/awssdk/s3control/2.24.5/s3control-2.24.5.jar:/Users/envy/.m2/repository/software/amazon/awssdk/arns/2.24.5/arns-2.24.5.jar:/Users/envy/.m2/repository/software/amazon/awssdk/s3-transfer-manager/2.24.5/s3-transfer-manager-2.24.5.jar:/Users/envy/.m2/repository/software/amazon/awssdk/sagemaker/2.2.0/sagemaker-2.2.0.jar:/Users/envy/.m2/repository/software/amazon/awssdk/sagemakerruntime/2.24.5/sagemakerruntime-2.24.5.jar:/Users/envy/.m2/repository/software/amazon/awssdk/secretsmanager/2.2.0/secretsmanager-2.2.0.jar:/Users/envy/.m2/repository/software/amazon/awssdk/securityhub/2.24.5/securityhub-2.24.5.jar:/Users/envy/.m2/repository/software/amazon/awssdk/serverlessapplicationrepository/2.2.0/serverlessapplicationrepository-2.2.0.jar:/Users/envy/.m2/repository/software/amazon/awssdk/servicecatalog/2.2.0/servicecatalog-2.2.0.jar:/Users/envy/.m2/repository/software/amazon/awssdk/servicediscovery/2.24.5/servicediscovery-2.24.5.jar:/Users/envy/.m2/repository/software/amazon/awssdk/ses/2.2.0/ses-2.2.0.jar:/Users/envy/.m2/repository/software/amazon/awssdk/sfn/2.2.0/sfn-2.2.0.jar:/Users/envy/.m2/repository/software/amazon/awssdk/shield/2.2.0/shield-2.2.0.jar:/Users/envy/.m2/repository/software/amazon/awssdk/signer/2.24.5/signer-2.24.5.jar:/Users/envy/.m2/repository/software/amazon/awssdk/sms/2.2.0/sms-2.2.0.jar:/Users/envy/.m2/repository/software/amazon/awssdk/snowball/2.2.0/snowball-2.2.0.jar:/Users/envy/.m2/repository/software/amazon/awssdk/sns/2.2.0/sns-2.2.0.jar:/Users/envy/.m2/repository/software/amazon/awssdk/sqs/2.2.0/sqs-2.2.0.jar:/Users/envy/.m2/repository/software/amazon/awssdk/ssm/2.2.0/ssm-2.2.0.jar:/Users/envy/.m2/repository/software/amazon/awssdk/storagegateway/2.2.0/storagegateway-2.2.0.jar:/Users/envy/.m2/repository/software/amazon/awssdk/sts/2.2.0/sts-2.2.0.jar:/Users/envy/.m2/repository/software/amazon/awssdk/profiles/2.2.0/profiles-2.2.0.jar:/Users/envy/.m2/repository/software/amazon/awssdk/support/2.2.0/support-2.2.0.jar:/Users/envy/.m2/repository/software/amazon/awssdk/swf/2.2.0/swf-2.2.0.jar:/Users/envy/.m2/repository/software/amazon/awssdk/textract/2.24.5/textract-2.24.5.jar:/Users/envy/.m2/repository/software/amazon/awssdk/transcribe/2.24.5/transcribe-2.24.5.jar:/Users/envy/.m2/repository/software/amazon/awssdk/transcribestreaming/2.2.0/transcribestreaming-2.2.0.jar:/Users/envy/.m2/repository/software/amazon/awssdk/transfer/2.24.5/transfer-2.24.5.jar:/Users/envy/.m2/repository/software/amazon/awssdk/translate/2.24.5/translate-2.24.5.jar:/Users/envy/.m2/repository/software/amazon/awssdk/waf/2.2.0/waf-2.2.0.jar:/Users/envy/.m2/repository/software/amazon/awssdk/workdocs/2.24.5/workdocs-2.24.5.jar:/Users/envy/.m2/repository/software/amazon/awssdk/worklink/2.24.5/worklink-2.24.5.jar:/Users/envy/.m2/repository/software/amazon/awssdk/workmail/2.24.5/workmail-2.24.5.jar:/Users/envy/.m2/repository/software/amazon/awssdk/workspaces/2.2.0/workspaces-2.2.0.jar:/Users/envy/.m2/repository/software/amazon/awssdk/xray/2.2.0/xray-2.2.0.jar:/Users/envy/.m2/repository/software/amazon/awssdk/groundstation/2.24.5/groundstation-2.24.5.jar:/Users/envy/.m2/repository/software/amazon/awssdk/iotthingsgraph/2.24.5/iotthingsgraph-2.24.5.jar:/Users/envy/.m2/repository/software/amazon/awssdk/iotevents/2.24.5/iotevents-2.24.5.jar:/Users/envy/.m2/repository/software/amazon/awssdk/ioteventsdata/2.24.5/ioteventsdata-2.24.5.jar:/Users/envy/.m2/repository/software/amazon/awssdk/personalizeruntime/2.24.5/personalizeruntime-2.24.5.jar:/Users/envy/.m2/repository/software/amazon/awssdk/personalize/2.24.5/personalize-2.24.5.jar:/Users/envy/.m2/repository/software/amazon/awssdk/personalizeevents/2.24.5/personalizeevents-2.24.5.jar:/Users/envy/.m2/repository/software/amazon/awssdk/servicequotas/2.24.5/servicequotas-2.24.5.jar:/Users/envy/.m2/repository/software/amazon/awssdk/applicationinsights/2.24.5/applicationinsights-2.24.5.jar:/Users/envy/.m2/repository/software/amazon/awssdk/ec2instanceconnect/2.24.5/ec2instanceconnect-2.24.5.jar:/Users/envy/.m2/repository/software/amazon/awssdk/eventbridge/2.24.5/eventbridge-2.24.5.jar:/Users/envy/.m2/repository/software/amazon/awssdk/lakeformation/2.24.5/lakeformation-2.24.5.jar:/Users/envy/.m2/repository/software/amazon/awssdk/forecast/2.24.5/forecast-2.24.5.jar:/Users/envy/.m2/repository/software/amazon/awssdk/forecastquery/2.24.5/forecastquery-2.24.5.jar:/Users/envy/.m2/repository/software/amazon/awssdk/qldb/2.24.5/qldb-2.24.5.jar:/Users/envy/.m2/repository/software/amazon/awssdk/qldbsession/2.24.5/qldbsession-2.24.5.jar:/Users/envy/.m2/repository/software/amazon/awssdk/workmailmessageflow/2.24.5/workmailmessageflow-2.24.5.jar:/Users/envy/.m2/repository/software/amazon/awssdk/codestarnotifications/2.24.5/codestarnotifications-2.24.5.jar:/Users/envy/.m2/repository/software/amazon/awssdk/savingsplans/2.24.5/savingsplans-2.24.5.jar:/Users/envy/.m2/repository/software/amazon/awssdk/sso/2.24.5/sso-2.24.5.jar:/Users/envy/.m2/repository/software/amazon/awssdk/ssooidc/2.24.5/ssooidc-2.24.5.jar:/Users/envy/.m2/repository/software/amazon/awssdk/marketplacecatalog/2.24.5/marketplacecatalog-2.24.5.jar:/Users/envy/.m2/repository/software/amazon/awssdk/sesv2/2.24.5/sesv2-2.24.5.jar:/Users/envy/.m2/repository/software/amazon/awssdk/dataexchange/2.24.5/dataexchange-2.24.5.jar:/Users/envy/.m2/repository/software/amazon/awssdk/migrationhubconfig/2.24.5/migrationhubconfig-2.24.5.jar:/Users/envy/.m2/repository/software/amazon/awssdk/connectparticipant/2.24.5/connectparticipant-2.24.5.jar:/Users/envy/.m2/repository/software/amazon/awssdk/wafv2/2.24.5/wafv2-2.24.5.jar:/Users/envy/.m2/repository/software/amazon/awssdk/appconfig/2.24.5/appconfig-2.24.5.jar:/Users/envy/.m2/repository/software/amazon/awssdk/iotsecuretunneling/2.24.5/iotsecuretunneling-2.24.5.jar:/Users/envy/.m2/repository/software/amazon/awssdk/elasticinference/2.24.5/elasticinference-2.24.5.jar:/Users/envy/.m2/repository/software/amazon/awssdk/imagebuilder/2.24.5/imagebuilder-2.24.5.jar:/Users/envy/.m2/repository/software/amazon/awssdk/schemas/2.24.5/schemas-2.24.5.jar:/Users/envy/.m2/repository/software/amazon/awssdk/accessanalyzer/2.24.5/accessanalyzer-2.24.5.jar:/Users/envy/.m2/repository/software/amazon/awssdk/computeoptimizer/2.24.5/computeoptimizer-2.24.5.jar:/Users/envy/.m2/repository/software/amazon/awssdk/networkmanager/2.24.5/networkmanager-2.24.5.jar:/Users/envy/.m2/repository/software/amazon/awssdk/kendra/2.24.5/kendra-2.24.5.jar:/Users/envy/.m2/repository/software/amazon/awssdk/frauddetector/2.24.5/frauddetector-2.24.5.jar:/Users/envy/.m2/repository/software/amazon/awssdk/codegurureviewer/2.24.5/codegurureviewer-2.24.5.jar:/Users/envy/.m2/repository/software/amazon/awssdk/codeguruprofiler/2.24.5/codeguruprofiler-2.24.5.jar:/Users/envy/.m2/repository/software/amazon/awssdk/outposts/2.24.5/outposts-2.24.5.jar:/Users/envy/.m2/repository/software/amazon/awssdk/sagemakera2iruntime/2.24.5/sagemakera2iruntime-2.24.5.jar:/Users/envy/.m2/repository/software/amazon/awssdk/ebs/2.24.5/ebs-2.24.5.jar:/Users/envy/.m2/repository/software/amazon/awssdk/kinesisvideosignaling/2.24.5/kinesisvideosignaling-2.24.5.jar:/Users/envy/.m2/repository/software/amazon/awssdk/detective/2.24.5/detective-2.24.5.jar:/Users/envy/.m2/repository/software/amazon/awssdk/codestarconnections/2.24.5/codestarconnections-2.24.5.jar:/Users/envy/.m2/repository/software/amazon/awssdk/synthetics/2.24.5/synthetics-2.24.5.jar:/Users/envy/.m2/repository/software/amazon/awssdk/iotsitewise/2.24.5/iotsitewise-2.24.5.jar:/Users/envy/.m2/repository/software/amazon/awssdk/macie2/2.24.5/macie2-2.24.5.jar:/Users/envy/.m2/repository/software/amazon/awssdk/codeartifact/2.24.5/codeartifact-2.24.5.jar:/Users/envy/.m2/repository/software/amazon/awssdk/honeycode/2.24.5/honeycode-2.24.5.jar:/Users/envy/.m2/repository/software/amazon/awssdk/ivs/2.24.5/ivs-2.24.5.jar:/Users/envy/.m2/repository/software/amazon/awssdk/braket/2.24.5/braket-2.24.5.jar:/Users/envy/.m2/repository/software/amazon/awssdk/identitystore/2.24.5/identitystore-2.24.5.jar:/Users/envy/.m2/repository/software/amazon/awssdk/appflow/2.24.5/appflow-2.24.5.jar:/Users/envy/.m2/repository/software/amazon/awssdk/redshiftdata/2.24.5/redshiftdata-2.24.5.jar:/Users/envy/.m2/repository/software/amazon/awssdk/ssoadmin/2.24.5/ssoadmin-2.24.5.jar:/Users/envy/.m2/repository/software/amazon/awssdk/timestreamwrite/2.24.5/timestreamwrite-2.24.5.jar:/Users/envy/.m2/repository/software/amazon/awssdk/timestreamquery/2.24.5/timestreamquery-2.24.5.jar:/Users/envy/.m2/repository/software/amazon/awssdk/s3outposts/2.24.5/s3outposts-2.24.5.jar:/Users/envy/.m2/repository/software/amazon/awssdk/databrew/2.24.5/databrew-2.24.5.jar:/Users/envy/.m2/repository/software/amazon/awssdk/servicecatalogappregistry/2.24.5/servicecatalogappregistry-2.24.5.jar:/Users/envy/.m2/repository/software/amazon/awssdk/networkfirewall/2.24.5/networkfirewall-2.24.5.jar:/Users/envy/.m2/repository/software/amazon/awssdk/mwaa/2.24.5/mwaa-2.24.5.jar:/Users/envy/.m2/repository/software/amazon/awssdk/devopsguru/2.24.5/devopsguru-2.24.5.jar:/Users/envy/.m2/repository/software/amazon/awssdk/sagemakerfeaturestoreruntime/2.24.5/sagemakerfeaturestoreruntime-2.24.5.jar:/Users/envy/.m2/repository/software/amazon/awssdk/appintegrations/2.24.5/appintegrations-2.24.5.jar:/Users/envy/.m2/repository/software/amazon/awssdk/ecrpublic/2.24.5/ecrpublic-2.24.5.jar:/Users/envy/.m2/repository/software/amazon/awssdk/amplifybackend/2.24.5/amplifybackend-2.24.5.jar:/Users/envy/.m2/repository/software/amazon/awssdk/connectcontactlens/2.24.5/connectcontactlens-2.24.5.jar:/Users/envy/.m2/repository/software/amazon/awssdk/lookoutvision/2.24.5/lookoutvision-2.24.5.jar:/Users/envy/.m2/repository/software/amazon/awssdk/customerprofiles/2.24.5/customerprofiles-2.24.5.jar:/Users/envy/.m2/repository/software/amazon/awssdk/emrcontainers/2.24.5/emrcontainers-2.24.5.jar:/Users/envy/.m2/repository/software/amazon/awssdk/sagemakeredge/2.24.5/sagemakeredge-2.24.5.jar:/Users/envy/.m2/repository/software/amazon/awssdk/healthlake/2.24.5/healthlake-2.24.5.jar:/Users/envy/.m2/repository/software/amazon/awssdk/auditmanager/2.24.5/auditmanager-2.24.5.jar:/Users/envy/.m2/repository/software/amazon/awssdk/amp/2.24.5/amp-2.24.5.jar:/Users/envy/.m2/repository/software/amazon/awssdk/greengrassv2/2.24.5/greengrassv2-2.24.5.jar:/Users/envy/.m2/repository/software/amazon/awssdk/iotwireless/2.24.5/iotwireless-2.24.5.jar:/Users/envy/.m2/repository/software/amazon/awssdk/iotfleethub/2.24.5/iotfleethub-2.24.5.jar:/Users/envy/.m2/repository/software/amazon/awssdk/iotdeviceadvisor/2.24.5/iotdeviceadvisor-2.24.5.jar:/Users/envy/.m2/repository/software/amazon/awssdk/location/2.24.5/location-2.24.5.jar:/Users/envy/.m2/repository/software/amazon/awssdk/wellarchitected/2.24.5/wellarchitected-2.24.5.jar:/Users/envy/.m2/repository/software/amazon/awssdk/lexruntimev2/2.24.5/lexruntimev2-2.24.5.jar:/Users/envy/.m2/repository/software/amazon/awssdk/lexmodelsv2/2.24.5/lexmodelsv2-2.24.5.jar:/Users/envy/.m2/repository/software/amazon/awssdk/fis/2.24.5/fis-2.24.5.jar:/Users/envy/.m2/repository/software/amazon/awssdk/lookoutmetrics/2.24.5/lookoutmetrics-2.24.5.jar:/Users/envy/.m2/repository/software/amazon/awssdk/mgn/2.24.5/mgn-2.24.5.jar:/Users/envy/.m2/repository/software/amazon/awssdk/lookoutequipment/2.24.5/lookoutequipment-2.24.5.jar:/Users/envy/.m2/repository/software/amazon/awssdk/nimble/2.24.5/nimble-2.24.5.jar:/Users/envy/.m2/repository/software/amazon/awssdk/finspacedata/2.24.5/finspacedata-2.24.5.jar:/Users/envy/.m2/repository/software/amazon/awssdk/finspace/2.24.5/finspace-2.24.5.jar:/Users/envy/.m2/repository/software/amazon/awssdk/ssmincidents/2.24.5/ssmincidents-2.24.5.jar:/Users/envy/.m2/repository/software/amazon/awssdk/ssmcontacts/2.24.5/ssmcontacts-2.24.5.jar:/Users/envy/.m2/repository/software/amazon/awssdk/applicationcostprofiler/2.24.5/applicationcostprofiler-2.24.5.jar:/Users/envy/.m2/repository/software/amazon/awssdk/apprunner/2.24.5/apprunner-2.24.5.jar:/Users/envy/.m2/repository/software/amazon/awssdk/proton/2.24.5/proton-2.24.5.jar:/Users/envy/.m2/repository/software/amazon/awssdk/route53recoveryreadiness/2.24.5/route53recoveryreadiness-2.24.5.jar:/Users/envy/.m2/repository/software/amazon/awssdk/route53recoverycontrolconfig/2.24.5/route53recoverycontrolconfig-2.24.5.jar:/Users/envy/.m2/repository/software/amazon/awssdk/route53recoverycluster/2.24.5/route53recoverycluster-2.24.5.jar:/Users/envy/.m2/repository/software/amazon/awssdk/chimesdkmessaging/2.24.5/chimesdkmessaging-2.24.5.jar:/Users/envy/.m2/repository/software/amazon/awssdk/chimesdkidentity/2.24.5/chimesdkidentity-2.24.5.jar:/Users/envy/.m2/repository/software/amazon/awssdk/snowdevicemanagement/2.24.5/snowdevicemanagement-2.24.5.jar:/Users/envy/.m2/repository/software/amazon/awssdk/memorydb/2.24.5/memorydb-2.24.5.jar:/Users/envy/.m2/repository/software/amazon/awssdk/opensearch/2.24.5/opensearch-2.24.5.jar:/Users/envy/.m2/repository/software/amazon/awssdk/kafkaconnect/2.24.5/kafkaconnect-2.24.5.jar:/Users/envy/.m2/repository/software/amazon/awssdk/wisdom/2.24.5/wisdom-2.24.5.jar:/Users/envy/.m2/repository/software/amazon/awssdk/voiceid/2.24.5/voiceid-2.24.5.jar:/Users/envy/.m2/repository/software/amazon/awssdk/account/2.24.5/account-2.24.5.jar:/Users/envy/.m2/repository/software/amazon/awssdk/cloudcontrol/2.24.5/cloudcontrol-2.24.5.jar:/Users/envy/.m2/repository/software/amazon/awssdk/grafana/2.24.5/grafana-2.24.5.jar:/Users/envy/.m2/repository/software/amazon/awssdk/panorama/2.24.5/panorama-2.24.5.jar:/Users/envy/.m2/repository/software/amazon/awssdk/chimesdkmeetings/2.24.5/chimesdkmeetings-2.24.5.jar:/Users/envy/.m2/repository/software/amazon/awssdk/resiliencehub/2.24.5/resiliencehub-2.24.5.jar:/Users/envy/.m2/repository/software/amazon/awssdk/migrationhubstrategy/2.24.5/migrationhubstrategy-2.24.5.jar:/Users/envy/.m2/repository/software/amazon/awssdk/drs/2.24.5/drs-2.24.5.jar:/Users/envy/.m2/repository/software/amazon/awssdk/appconfigdata/2.24.5/appconfigdata-2.24.5.jar:/Users/envy/.m2/repository/software/amazon/awssdk/migrationhubrefactorspaces/2.24.5/migrationhubrefactorspaces-2.24.5.jar:/Users/envy/.m2/repository/software/amazon/awssdk/inspector2/2.24.5/inspector2-2.24.5.jar:/Users/envy/.m2/repository/software/amazon/awssdk/evidently/2.24.5/evidently-2.24.5.jar:/Users/envy/.m2/repository/software/amazon/awssdk/rum/2.24.5/rum-2.24.5.jar:/Users/envy/.m2/repository/software/amazon/awssdk/rbin/2.24.5/rbin-2.24.5.jar:/Users/envy/.m2/repository/software/amazon/awssdk/iottwinmaker/2.24.5/iottwinmaker-2.24.5.jar:/Users/envy/.m2/repository/software/amazon/awssdk/workspacesweb/2.24.5/workspacesweb-2.24.5.jar:/Users/envy/.m2/repository/software/amazon/awssdk/backupgateway/2.24.5/backupgateway-2.24.5.jar:/Users/envy/.m2/repository/software/amazon/awssdk/amplifyuibuilder/2.24.5/amplifyuibuilder-2.24.5.jar:/Users/envy/.m2/repository/software/amazon/awssdk/keyspaces/2.24.5/keyspaces-2.24.5.jar:/Users/envy/.m2/repository/software/amazon/awssdk/billingconductor/2.24.5/billingconductor-2.24.5.jar:/Users/envy/.m2/repository/software/amazon/awssdk/pinpointsmsvoicev2/2.24.5/pinpointsmsvoicev2-2.24.5.jar:/Users/envy/.m2/repository/software/amazon/awssdk/ivschat/2.24.5/ivschat-2.24.5.jar:/Users/envy/.m2/repository/software/amazon/awssdk/chimesdkmediapipelines/2.24.5/chimesdkmediapipelines-2.24.5.jar:/Users/envy/.m2/repository/software/amazon/awssdk/emrserverless/2.24.5/emrserverless-2.24.5.jar:/Users/envy/.m2/repository/software/amazon/awssdk/m2/2.24.5/m2-2.24.5.jar:/Users/envy/.m2/repository/software/amazon/awssdk/connectcampaigns/2.24.5/connectcampaigns-2.24.5.jar:/Users/envy/.m2/repository/software/amazon/awssdk/redshiftserverless/2.24.5/redshiftserverless-2.24.5.jar:/Users/envy/.m2/repository/software/amazon/awssdk/rolesanywhere/2.24.5/rolesanywhere-2.24.5.jar:/Users/envy/.m2/repository/software/amazon/awssdk/licensemanagerusersubscriptions/2.24.5/licensemanagerusersubscriptions-2.24.5.jar:/Users/envy/.m2/repository/software/amazon/awssdk/backupstorage/2.24.5/backupstorage-2.24.5.jar:/Users/envy/.m2/repository/software/amazon/awssdk/privatenetworks/2.24.5/privatenetworks-2.24.5.jar:/Users/envy/.m2/repository/software/amazon/awssdk/supportapp/2.24.5/supportapp-2.24.5.jar:/Users/envy/.m2/repository/software/amazon/awssdk/controltower/2.24.5/controltower-2.24.5.jar:/Users/envy/.m2/repository/software/amazon/awssdk/iotfleetwise/2.24.5/iotfleetwise-2.24.5.jar:/Users/envy/.m2/repository/software/amazon/awssdk/migrationhuborchestrator/2.24.5/migrationhuborchestrator-2.24.5.jar:/Users/envy/.m2/repository/software/amazon/awssdk/connectcases/2.24.5/connectcases-2.24.5.jar:/Users/envy/.m2/repository/software/amazon/awssdk/resourceexplorer2/2.24.5/resourceexplorer2-2.24.5.jar:/Users/envy/.m2/repository/software/amazon/awssdk/scheduler/2.24.5/scheduler-2.24.5.jar:/Users/envy/.m2/repository/software/amazon/awssdk/ssmsap/2.24.5/ssmsap-2.24.5.jar:/Users/envy/.m2/repository/software/amazon/awssdk/chimesdkvoice/2.24.5/chimesdkvoice-2.24.5.jar:/Users/envy/.m2/repository/software/amazon/awssdk/iotroborunner/2.24.5/iotroborunner-2.24.5.jar:/Users/envy/.m2/repository/software/amazon/awssdk/oam/2.24.5/oam-2.24.5.jar:/Users/envy/.m2/repository/software/amazon/awssdk/arczonalshift/2.24.5/arczonalshift-2.24.5.jar:/Users/envy/.m2/repository/software/amazon/awssdk/simspaceweaver/2.24.5/simspaceweaver-2.24.5.jar:/Users/envy/.m2/repository/software/amazon/awssdk/securitylake/2.24.5/securitylake-2.24.5.jar:/Users/envy/.m2/repository/software/amazon/awssdk/opensearchserverless/2.24.5/opensearchserverless-2.24.5.jar:/Users/envy/.m2/repository/software/amazon/awssdk/omics/2.24.5/omics-2.24.5.jar:/Users/envy/.m2/repository/software/amazon/awssdk/docdbelastic/2.24.5/docdbelastic-2.24.5.jar:/Users/envy/.m2/repository/software/amazon/awssdk/sagemakergeospatial/2.24.5/sagemakergeospatial-2.24.5.jar:/Users/envy/.m2/repository/software/amazon/awssdk/pipes/2.24.5/pipes-2.24.5.jar:/Users/envy/.m2/repository/software/amazon/awssdk/codecatalyst/2.24.5/codecatalyst-2.24.5.jar:/Users/envy/.m2/repository/software/amazon/awssdk/sagemakermetrics/2.24.5/sagemakermetrics-2.24.5.jar:/Users/envy/.m2/repository/software/amazon/awssdk/kinesisvideowebrtcstorage/2.24.5/kinesisvideowebrtcstorage-2.24.5.jar:/Users/envy/.m2/repository/software/amazon/awssdk/licensemanagerlinuxsubscriptions/2.24.5/licensemanagerlinuxsubscriptions-2.24.5.jar:/Users/envy/.m2/repository/software/amazon/awssdk/kendraranking/2.24.5/kendraranking-2.24.5.jar:/Users/envy/.m2/repository/software/amazon/awssdk/cleanrooms/2.24.5/cleanrooms-2.24.5.jar:/Users/envy/.m2/repository/software/amazon/awssdk/cloudtraildata/2.24.5/cloudtraildata-2.24.5.jar:/Users/envy/.m2/repository/software/amazon/awssdk/tnb/2.24.5/tnb-2.24.5.jar:/Users/envy/.m2/repository/software/amazon/awssdk/internetmonitor/2.24.5/internetmonitor-2.24.5.jar:/Users/envy/.m2/repository/software/amazon/awssdk/ivsrealtime/2.24.5/ivsrealtime-2.24.5.jar:/Users/envy/.m2/repository/software/amazon/awssdk/vpclattice/2.24.5/vpclattice-2.24.5.jar:/Users/envy/.m2/repository/software/amazon/awssdk/osis/2.24.5/osis-2.24.5.jar:/Users/envy/.m2/repository/software/amazon/awssdk/mediapackagev2/2.24.5/mediapackagev2-2.24.5.jar:/Users/envy/.m2/repository/software/amazon/awssdk/paymentcryptographydata/2.24.5/paymentcryptographydata-2.24.5.jar:/Users/envy/.m2/repository/software/amazon/awssdk/paymentcryptography/2.24.5/paymentcryptography-2.24.5.jar:/Users/envy/.m2/repository/software/amazon/awssdk/codegurusecurity/2.24.5/codegurusecurity-2.24.5.jar:/Users/envy/.m2/repository/software/amazon/awssdk/verifiedpermissions/2.24.5/verifiedpermissions-2.24.5.jar:/Users/envy/.m2/repository/software/amazon/awssdk/appfabric/2.24.5/appfabric-2.24.5.jar:/Users/envy/.m2/repository/software/amazon/awssdk/medicalimaging/2.24.5/medicalimaging-2.24.5.jar:/Users/envy/.m2/repository/software/amazon/awssdk/entityresolution/2.24.5/entityresolution-2.24.5.jar:/Users/envy/.m2/repository/software/amazon/awssdk/managedblockchainquery/2.24.5/managedblockchainquery-2.24.5.jar:/Users/envy/.m2/repository/software/amazon/awssdk/pcaconnectorad/2.24.5/pcaconnectorad-2.24.5.jar:/Users/envy/.m2/repository/software/amazon/awssdk/neptunedata/2.24.5/neptunedata-2.24.5.jar:/Users/envy/.m2/repository/software/amazon/awssdk/bedrockruntime/2.24.5/bedrockruntime-2.24.5.jar:/Users/envy/.m2/repository/software/amazon/awssdk/bedrock/2.24.5/bedrock-2.24.5.jar:/Users/envy/.m2/repository/software/amazon/awssdk/datazone/2.24.5/datazone-2.24.5.jar:/Users/envy/.m2/repository/software/amazon/awssdk/cloudwatch-metric-publisher/2.24.5/cloudwatch-metric-publisher-2.24.5.jar:/Users/envy/.m2/repository/software/amazon/awssdk/launchwizard/2.24.5/launchwizard-2.24.5.jar:/Users/envy/.m2/repository/software/amazon/awssdk/trustedadvisor/2.24.5/trustedadvisor-2.24.5.jar:/Users/envy/.m2/repository/software/amazon/awssdk/cloudfrontkeyvaluestore/2.24.5/cloudfrontkeyvaluestore-2.24.5.jar:/Users/envy/.m2/repository/software/amazon/awssdk/inspectorscan/2.24.5/inspectorscan-2.24.5.jar:/Users/envy/.m2/repository/software/amazon/awssdk/costoptimizationhub/2.24.5/costoptimizationhub-2.24.5.jar:/Users/envy/.m2/repository/software/amazon/awssdk/repostspace/2.24.5/repostspace-2.24.5.jar:/Users/envy/.m2/repository/software/amazon/awssdk/bcmdataexports/2.24.5/bcmdataexports-2.24.5.jar:/Users/envy/.m2/repository/software/amazon/awssdk/freetier/2.24.5/freetier-2.24.5.jar:/Users/envy/.m2/repository/software/amazon/awssdk/eksauth/2.24.5/eksauth-2.24.5.jar:/Users/envy/.m2/repository/software/amazon/awssdk/workspacesthinclient/2.24.5/workspacesthinclient-2.24.5.jar:/Users/envy/.m2/repository/software/amazon/awssdk/b2bi/2.24.5/b2bi-2.24.5.jar:/Users/envy/.m2/repository/software/amazon/awssdk/bedrockagentruntime/2.24.5/bedrockagentruntime-2.24.5.jar:/Users/envy/.m2/repository/software/amazon/awssdk/qbusiness/2.24.5/qbusiness-2.24.5.jar:/Users/envy/.m2/repository/software/amazon/awssdk/qconnect/2.24.5/qconnect-2.24.5.jar:/Users/envy/.m2/repository/software/amazon/awssdk/bedrockagent/2.24.5/bedrockagent-2.24.5.jar:/Users/envy/.m2/repository/software/amazon/awssdk/cleanroomsml/2.24.5/cleanroomsml-2.24.5.jar:/Users/envy/.m2/repository/software/amazon/awssdk/marketplacedeployment/2.24.5/marketplacedeployment-2.24.5.jar:/Users/envy/.m2/repository/software/amazon/awssdk/marketplaceagreement/2.24.5/marketplaceagreement-2.24.5.jar:/Users/envy/.m2/repository/software/amazon/awssdk/neptunegraph/2.24.5/neptunegraph-2.24.5.jar:/Users/envy/.m2/repository/software/amazon/awssdk/networkmonitor/2.24.5/networkmonitor-2.24.5.jar:/Users/envy/.m2/repository/software/amazon/awssdk/supplychain/2.24.5/supplychain-2.24.5.jar:/Users/envy/.m2/repository/software/amazon/awssdk/artifact/2.24.5/artifact-2.24.5.jar:/Users/envy/.m2/repository/com/google/dagger/dagger/2.0/dagger-2.0.jar:/Users/envy/.m2/repository/javax/inject/javax.inject/1/javax.inject-1.jar:/Users/envy/.m2/repository/org/projectlombok/lombok/1.18.30/lombok-1.18.30.jar:/Users/envy/.m2/repository/com/googlecode/json-simple/json-simple/1.1.1/json-simple-1.1.1.jar:/Users/envy/.m2/repository/junit/junit/4.12/junit-4.12.jar:/Users/envy/.m2/repository/org/hamcrest/hamcrest-core/1.3/hamcrest-core-1.3.jar:/Users/envy/.m2/repository/com/fasterxml/jackson/core/jackson-core/2.16.1/jackson-core-2.16.1.jar:/Users/envy/.m2/repository/org/slf4j/slf4j-api/2.0.11/slf4j-api-2.0.11.jar:/Users/envy/.m2/repository/org/junit/jupiter/junit-jupiter-api/5.10.2/junit-jupiter-api-5.10.2.jar:/Users/envy/.m2/repository/org/opentest4j/opentest4j/1.3.0/opentest4j-1.3.0.jar:/Users/envy/.m2/repository/org/junit/platform/junit-platform-commons/1.10.2/junit-platform-commons-1.10.2.jar:/Users/envy/.m2/repository/org/apiguardian/apiguardian-api/1.1.2/apiguardian-api-1.1.2.jar:/Users/envy/.m2/repository/org/mockito/mockito-core/5.9.0/mockito-core-5.9.0.jar:/Users/envy/.m2/repository/net/bytebuddy/byte-buddy/1.14.11/byte-buddy-1.14.11.jar:/Users/envy/.m2/repository/net/bytebuddy/byte-buddy-agent/1.14.11/byte-buddy-agent-1.14.11.jar:/Users/envy/.m2/repository/org/objenesis/objenesis/3.3/objenesis-3.3.jar:"/>
    <property name="sun.cpu.endian" value="little"/>
    <property name="user.home" value="/Users/envy"/>
    <property name="user.language" value="en"/>
    <property name="java.specification.vendor" value="Oracle Corporation"/>
    <property name="java.version.date" value="2023-04-18"/>
    <property name="java.home" value="/Library/Java/JavaVirtualMachines/amazon-corretto-17.jdk/Contents/Home"/>
    <property name="file.separator" value="/"/>
    <property name="basedir" value="/Users/envy/Documents/github/JavaApiGateway/lambda/java-api-gateway"/>
    <property name="java.vm.compressedOopsMode" value="Zero based"/>
    <property name="line.separator" value="&#10;"/>
    <property name="java.specification.name" value="Java Platform API Specification"/>
    <property name="java.vm.specification.vendor" value="Oracle Corporation"/>
    <property name="surefire.real.class.path" value="/Users/envy/Documents/github/JavaApiGateway/lambda/java-api-gateway/target/surefire/surefirebooter-20240220131242348_3.jar"/>
    <property name="sun.management.compiler" value="HotSpot 64-Bit Tiered Compilers"/>
    <property name="ftp.nonProxyHosts" value="local|*.local|169.254/16|*.169.254/16"/>
    <property name="java.runtime.version" value="17.0.7+7-LTS"/>
    <property name="user.name" value="envy"/>
    <property name="path.separator" value=":"/>
    <property name="os.version" value="12.6.7"/>
    <property name="java.runtime.name" value="OpenJDK Runtime Environment"/>
    <property name="file.encoding" value="UTF-8"/>
    <property name="java.vm.name" value="OpenJDK 64-Bit Server VM"/>
    <property name="java.vendor.version" value="Corretto-17.0.7.7.1"/>
    <property name="localRepository" value="/Users/envy/.m2/repository"/>
    <property name="java.vendor.url.bug" value="https://github.com/corretto/corretto-17/issues/"/>
    <property name="java.io.tmpdir" value="/var/folders/78/qbv4xsms4_sd7pjjpd3phw2c0000gn/T/"/>
    <property name="java.version" value="17.0.7"/>
    <property name="user.dir" value="/Users/envy/Documents/github/JavaApiGateway/lambda/java-api-gateway"/>
    <property name="os.arch" value="aarch64"/>
    <property name="java.vm.specification.name" value="Java Virtual Machine Specification"/>
    <property name="native.encoding" value="UTF-8"/>
    <property name="java.library.path" value="/Users/envy/Library/Java/Extensions:/Library/Java/Extensions:/Network/Library/Java/Extensions:/System/Library/Java/Extensions:/usr/lib/java:."/>
    <property name="java.vm.info" value="mixed mode, sharing"/>
    <property name="java.vendor" value="Amazon.com Inc."/>
    <property name="java.vm.version" value="17.0.7+7-LTS"/>
    <property name="sun.io.unicode.encoding" value="UnicodeBig"/>
    <property name="socksNonProxyHosts" value="local|*.local|169.254/16|*.169.254/16"/>
    <property name="java.class.version" value="61.0"/>
  </properties>
  <testcase name="testApp" classname="com.example.javaapigw.AppTest" time="0.002"/>
</testsuite>